{"D:\\Project HealthQuest\\clinical-service\\src\\achievements\\achievements.service.ts": {"path":"D:\\Project HealthQuest\\clinical-service\\src\\achievements\\achievements.service.ts","statementMap":{"0":{"start":{"line":2,"column":0},"end":{"line":2,"column":52}},"1":{"start":{"line":3,"column":0},"end":{"line":3,"column":54}},"2":{"start":{"line":7,"column":7},"end":{"line":55,"column":null}},"3":{"start":{"line":10,"column":21},"end":{"line":10,"column":56}},"4":{"start":{"line":11,"column":21},"end":{"line":11,"column":35}},"5":{"start":{"line":15,"column":26},"end":{"line":20,"column":6}},"6":{"start":{"line":22,"column":19},"end":{"line":22,"column":42}},"7":{"start":{"line":23,"column":4},"end":{"line":23,"column":24}},"8":{"start":{"line":23,"column":17},"end":{"line":23,"column":24}},"9":{"start":{"line":26,"column":19},"end":{"line":26,"column":94}},"10":{"start":{"line":29,"column":27},"end":{"line":29,"column":80}},"11":{"start":{"line":31,"column":4},"end":{"line":41,"column":5}},"12":{"start":{"line":33,"column":6},"end":{"line":33,"column":72}},"13":{"start":{"line":36,"column":6},"end":{"line":40,"column":9}},"14":{"start":{"line":47,"column":4},"end":{"line":51,"column":7}},"15":{"start":{"line":53,"column":4},"end":{"line":53,"column":81}},"16":{"start":{"line":7,"column":13},"end":{"line":7,"column":32}},"17":{"start":{"line":7,"column":13},"end":{"line":55,"column":null}}},"fnMap":{"0":{"name":"(anonymous_4)","decl":{"start":{"line":8,"column":2},"end":{"line":8,"column":null}},"loc":{"start":{"line":11,"column":48},"end":{"line":12,"column":7}}},"1":{"name":"(anonymous_5)","decl":{"start":{"line":14,"column":2},"end":{"line":14,"column":7}},"loc":{"start":{"line":14,"column":84},"end":{"line":42,"column":3}}},"2":{"name":"(anonymous_6)","decl":{"start":{"line":44,"column":2},"end":{"line":44,"column":7}},"loc":{"start":{"line":44,"column":59},"end":{"line":54,"column":3}}}},"branchMap":{"0":{"loc":{"start":{"line":23,"column":4},"end":{"line":23,"column":24}},"type":"if","locations":[{"start":{"line":23,"column":4},"end":{"line":23,"column":24}}]},"1":{"loc":{"start":{"line":31,"column":4},"end":{"line":41,"column":5}},"type":"if","locations":[{"start":{"line":31,"column":4},"end":{"line":41,"column":5}}]}},"s":{"0":10,"1":10,"2":10,"3":3,"4":3,"5":3,"6":3,"7":3,"8":1,"9":2,"10":2,"11":2,"12":1,"13":1,"14":0,"15":0,"16":10,"17":10},"f":{"0":3,"1":3,"2":0},"b":{"0":[1],"1":[1]}}
,"D:\\Project HealthQuest\\clinical-service\\src\\achievements\\repositories\\achievements.repository.ts": {"path":"D:\\Project HealthQuest\\clinical-service\\src\\achievements\\repositories\\achievements.repository.ts","statementMap":{"0":{"start":{"line":2,"column":0},"end":{"line":2,"column":44}},"1":{"start":{"line":3,"column":0},"end":{"line":3,"column":60}},"2":{"start":{"line":7,"column":7},"end":{"line":35,"column":null}},"3":{"start":{"line":8,"column":31},"end":{"line":8,"column":39}},"4":{"start":{"line":11,"column":4},"end":{"line":21,"column":7}},"5":{"start":{"line":25,"column":4},"end":{"line":27,"column":7}},"6":{"start":{"line":31,"column":4},"end":{"line":33,"column":7}},"7":{"start":{"line":7,"column":13},"end":{"line":7,"column":35}},"8":{"start":{"line":7,"column":13},"end":{"line":35,"column":null}}},"fnMap":{"0":{"name":"(anonymous_2)","decl":{"start":{"line":8,"column":2},"end":{"line":8,"column":31}},"loc":{"start":{"line":8,"column":52},"end":{"line":8,"column":56}}},"1":{"name":"(anonymous_3)","decl":{"start":{"line":10,"column":2},"end":{"line":10,"column":7}},"loc":{"start":{"line":10,"column":70},"end":{"line":22,"column":3}}},"2":{"name":"(anonymous_4)","decl":{"start":{"line":24,"column":2},"end":{"line":24,"column":7}},"loc":{"start":{"line":24,"column":53},"end":{"line":28,"column":3}}},"3":{"name":"(anonymous_5)","decl":{"start":{"line":30,"column":2},"end":{"line":30,"column":7}},"loc":{"start":{"line":30,"column":73},"end":{"line":34,"column":3}}}},"branchMap":{},"s":{"0":1,"1":1,"2":1,"3":2,"4":1,"5":0,"6":1,"7":1,"8":1},"f":{"0":2,"1":1,"2":0,"3":1},"b":{}}
,"D:\\Project HealthQuest\\clinical-service\\src\\auth\\guards\\supabase.guard.ts": {"path":"D:\\Project HealthQuest\\clinical-service\\src\\auth\\guards\\supabase.guard.ts","statementMap":{"0":{"start":{"line":2,"column":0},"end":{"line":2,"column":62}},"1":{"start":{"line":3,"column":0},"end":{"line":3,"column":45}},"2":{"start":{"line":6,"column":7},"end":{"line":6,"column":null}},"3":{"start":{"line":6,"column":13},"end":{"line":6,"column":26}},"4":{"start":{"line":6,"column":13},"end":{"line":6,"column":null}}},"fnMap":{},"branchMap":{},"s":{"0":6,"1":6,"2":6,"3":6,"4":6},"f":{},"b":{}}
,"D:\\Project HealthQuest\\clinical-service\\src\\auth\\strategies\\supabase.strategy.ts": {"path":"D:\\Project HealthQuest\\clinical-service\\src\\auth\\strategies\\supabase.strategy.ts","statementMap":{"0":{"start":{"line":2,"column":0},"end":{"line":2,"column":44}},"1":{"start":{"line":3,"column":0},"end":{"line":3,"column":52}},"2":{"start":{"line":4,"column":0},"end":{"line":4,"column":52}},"3":{"start":{"line":7,"column":7},"end":{"line":25,"column":null}},"4":{"start":{"line":9,"column":4},"end":{"line":13,"column":7}},"5":{"start":{"line":18,"column":4},"end":{"line":23,"column":6}},"6":{"start":{"line":7,"column":13},"end":{"line":7,"column":29}},"7":{"start":{"line":7,"column":13},"end":{"line":25,"column":null}}},"fnMap":{"0":{"name":"(anonymous_2)","decl":{"start":{"line":8,"column":2},"end":{"line":8,"column":null}},"loc":{"start":{"line":8,"column":2},"end":{"line":14,"column":3}}},"1":{"name":"(anonymous_3)","decl":{"start":{"line":16,"column":2},"end":{"line":16,"column":7}},"loc":{"start":{"line":16,"column":29},"end":{"line":24,"column":3}}}},"branchMap":{"0":{"loc":{"start":{"line":21,"column":12},"end":{"line":21,"column":52}},"type":"binary-expr","locations":[{"start":{"line":21,"column":12},"end":{"line":21,"column":39}},{"start":{"line":21,"column":43},"end":{"line":21,"column":52}}]}},"s":{"0":1,"1":1,"2":1,"3":1,"4":2,"5":2,"6":1,"7":1},"f":{"0":2,"1":2},"b":{"0":[2,1]}}
,"D:\\Project HealthQuest\\clinical-service\\src\\common\\decorators\\get-user.decorator.ts": {"path":"D:\\Project HealthQuest\\clinical-service\\src\\common\\decorators\\get-user.decorator.ts","statementMap":{"0":{"start":{"line":1,"column":0},"end":{"line":1,"column":72}},"1":{"start":{"line":9,"column":13},"end":{"line":14,"column":2}},"2":{"start":{"line":11,"column":20},"end":{"line":11,"column":51}},"3":{"start":{"line":12,"column":4},"end":{"line":12,"column":24}}},"fnMap":{"0":{"name":"(anonymous_0)","decl":{"start":{"line":10,"column":2},"end":{"line":10,"column":3}},"loc":{"start":{"line":10,"column":56},"end":{"line":13,"column":3}}}},"branchMap":{},"s":{"0":7,"1":7,"2":1,"3":1},"f":{"0":1},"b":{}}
,"D:\\Project HealthQuest\\clinical-service\\src\\common\\guards\\legacy-auth.guard.ts": {"path":"D:\\Project HealthQuest\\clinical-service\\src\\common\\guards\\legacy-auth.guard.ts","statementMap":{"0":{"start":{"line":1,"column":0},"end":{"line":1,"column":98}},"1":{"start":{"line":4,"column":7},"end":{"line":23,"column":null}},"2":{"start":{"line":6,"column":20},"end":{"line":6,"column":55}},"3":{"start":{"line":7,"column":21},"end":{"line":7,"column":51}},"4":{"start":{"line":8,"column":19},"end":{"line":8,"column":47}},"5":{"start":{"line":10,"column":4},"end":{"line":12,"column":5}},"6":{"start":{"line":11,"column":6},"end":{"line":11,"column":80}},"7":{"start":{"line":15,"column":4},"end":{"line":19,"column":6}},"8":{"start":{"line":21,"column":4},"end":{"line":21,"column":16}},"9":{"start":{"line":4,"column":13},"end":{"line":4,"column":22}},"10":{"start":{"line":4,"column":13},"end":{"line":23,"column":null}}},"fnMap":{"0":{"name":"(anonymous_1)","decl":{"start":{"line":5,"column":2},"end":{"line":5,"column":13}},"loc":{"start":{"line":5,"column":39},"end":{"line":22,"column":3}}}},"branchMap":{"0":{"loc":{"start":{"line":10,"column":4},"end":{"line":12,"column":5}},"type":"if","locations":[{"start":{"line":10,"column":4},"end":{"line":12,"column":5}}]},"1":{"loc":{"start":{"line":10,"column":8},"end":{"line":10,"column":28}},"type":"binary-expr","locations":[{"start":{"line":10,"column":8},"end":{"line":10,"column":17}},{"start":{"line":10,"column":21},"end":{"line":10,"column":28}}]},"2":{"loc":{"start":{"line":18,"column":12},"end":{"line":18,"column":50}},"type":"binary-expr","locations":[{"start":{"line":18,"column":12},"end":{"line":18,"column":37}},{"start":{"line":18,"column":41},"end":{"line":18,"column":50}}]}},"s":{"0":1,"1":1,"2":2,"3":2,"4":2,"5":2,"6":1,"7":1,"8":1,"9":1,"10":1},"f":{"0":2},"b":{"0":[1],"1":[2,1],"2":[1,1]}}
,"D:\\Project HealthQuest\\clinical-service\\src\\dashboard\\dashboard.controller.ts": {"path":"D:\\Project HealthQuest\\clinical-service\\src\\dashboard\\dashboard.controller.ts","statementMap":{"0":{"start":{"line":2,"column":0},"end":{"line":2,"column":72}},"1":{"start":{"line":3,"column":0},"end":{"line":3,"column":55}},"2":{"start":{"line":4,"column":0},"end":{"line":4,"column":62}},"3":{"start":{"line":5,"column":0},"end":{"line":5,"column":79}},"4":{"start":{"line":6,"column":0},"end":{"line":6,"column":52}},"5":{"start":{"line":7,"column":0},"end":{"line":7,"column":57}},"6":{"start":{"line":8,"column":0},"end":{"line":8,"column":71}},"7":{"start":{"line":12,"column":7},"end":{"line":53,"column":null}},"8":{"start":{"line":14,"column":21},"end":{"line":14,"column":29}},"9":{"start":{"line":15,"column":21},"end":{"line":15,"column":39}},"10":{"start":{"line":21,"column":4},"end":{"line":21,"column":31}},"11":{"start":{"line":22,"column":4},"end":{"line":22,"column":66}},"12":{"start":{"line":27,"column":4},"end":{"line":29,"column":5}},"13":{"start":{"line":28,"column":6},"end":{"line":28,"column":83}},"14":{"start":{"line":30,"column":4},"end":{"line":30,"column":67}},"15":{"start":{"line":36,"column":4},"end":{"line":38,"column":5}},"16":{"start":{"line":37,"column":6},"end":{"line":37,"column":55}},"17":{"start":{"line":40,"column":4},"end":{"line":45,"column":7}},"18":{"start":{"line":49,"column":4},"end":{"line":51,"column":5}},"19":{"start":{"line":50,"column":6},"end":{"line":50,"column":83}},"20":{"start":{"line":12,"column":13},"end":{"line":12,"column":32}},"21":{"start":{"line":20,"column":8},"end":{"line":23,"column":null}},"22":{"start":{"line":26,"column":8},"end":{"line":31,"column":null}},"23":{"start":{"line":35,"column":8},"end":{"line":46,"column":null}},"24":{"start":{"line":12,"column":13},"end":{"line":53,"column":null}}},"fnMap":{"0":{"name":"(anonymous_5)","decl":{"start":{"line":20,"column":2},"end":{"line":20,"column":7}},"loc":{"start":{"line":20,"column":48},"end":{"line":23,"column":3}}},"1":{"name":"(anonymous_6)","decl":{"start":{"line":26,"column":2},"end":{"line":26,"column":7}},"loc":{"start":{"line":26,"column":48},"end":{"line":31,"column":3}}},"2":{"name":"(anonymous_7)","decl":{"start":{"line":35,"column":2},"end":{"line":35,"column":7}},"loc":{"start":{"line":35,"column":52},"end":{"line":46,"column":3}}},"3":{"name":"(anonymous_8)","decl":{"start":{"line":48,"column":2},"end":{"line":48,"column":17}},"loc":{"start":{"line":48,"column":35},"end":{"line":52,"column":3}}}},"branchMap":{"0":{"loc":{"start":{"line":27,"column":4},"end":{"line":29,"column":5}},"type":"if","locations":[{"start":{"line":27,"column":4},"end":{"line":29,"column":5}}]},"1":{"loc":{"start":{"line":27,"column":8},"end":{"line":27,"column":55}},"type":"binary-expr","locations":[{"start":{"line":27,"column":8},"end":{"line":27,"column":29}},{"start":{"line":27,"column":33},"end":{"line":27,"column":55}}]},"2":{"loc":{"start":{"line":36,"column":4},"end":{"line":38,"column":5}},"type":"if","locations":[{"start":{"line":36,"column":4},"end":{"line":38,"column":5}}]},"3":{"loc":{"start":{"line":36,"column":8},"end":{"line":36,"column":55}},"type":"binary-expr","locations":[{"start":{"line":36,"column":8},"end":{"line":36,"column":29}},{"start":{"line":36,"column":33},"end":{"line":36,"column":55}}]},"4":{"loc":{"start":{"line":49,"column":4},"end":{"line":51,"column":5}},"type":"if","locations":[{"start":{"line":49,"column":4},"end":{"line":51,"column":5}}]},"5":{"loc":{"start":{"line":49,"column":8},"end":{"line":49,"column":55}},"type":"binary-expr","locations":[{"start":{"line":49,"column":8},"end":{"line":49,"column":29}},{"start":{"line":49,"column":33},"end":{"line":49,"column":55}}]}},"s":{"0":1,"1":1,"2":1,"3":1,"4":1,"5":1,"6":1,"7":1,"8":5,"9":5,"10":2,"11":1,"12":1,"13":0,"14":1,"15":2,"16":1,"17":1,"18":2,"19":1,"20":1,"21":1,"22":1,"23":1,"24":1},"f":{"0":2,"1":1,"2":2,"3":2},"b":{"0":[0],"1":[1,1],"2":[1],"3":[2,2],"4":[1],"5":[2,2]}}
,"D:\\Project HealthQuest\\clinical-service\\src\\dashboard\\dashboard.service.ts": {"path":"D:\\Project HealthQuest\\clinical-service\\src\\dashboard\\dashboard.service.ts","statementMap":{"0":{"start":{"line":2,"column":0},"end":{"line":2,"column":52}},"1":{"start":{"line":6,"column":7},"end":{"line":67,"column":null}},"2":{"start":{"line":9,"column":21},"end":{"line":9,"column":53}},"3":{"start":{"line":16,"column":18},"end":{"line":16,"column":28}},"4":{"start":{"line":17,"column":4},"end":{"line":17,"column":31}},"5":{"start":{"line":19,"column":49},"end":{"line":23,"column":6}},"6":{"start":{"line":25,"column":4},"end":{"line":37,"column":6}},"7":{"start":{"line":27,"column":49},"end":{"line":31,"column":8}},"8":{"start":{"line":32,"column":33},"end":{"line":36,"column":8}},"9":{"start":{"line":44,"column":26},"end":{"line":44,"column":36}},"10":{"start":{"line":45,"column":4},"end":{"line":45,"column":66}},"11":{"start":{"line":47,"column":21},"end":{"line":47,"column":78}},"12":{"start":{"line":49,"column":27},"end":{"line":49,"column":50}},"13":{"start":{"line":52,"column":4},"end":{"line":56,"column":7}},"14":{"start":{"line":53,"column":6},"end":{"line":55,"column":7}},"15":{"start":{"line":54,"column":8},"end":{"line":54,"column":65}},"16":{"start":{"line":59,"column":4},"end":{"line":65,"column":10}},"17":{"start":{"line":60,"column":33},"end":{"line":60,"column":57}},"18":{"start":{"line":61,"column":39},"end":{"line":65,"column":8}},"19":{"start":{"line":6,"column":13},"end":{"line":6,"column":29}},"20":{"start":{"line":6,"column":13},"end":{"line":67,"column":null}}},"fnMap":{"0":{"name":"(anonymous_4)","decl":{"start":{"line":7,"column":2},"end":{"line":7,"column":null}},"loc":{"start":{"line":9,"column":53},"end":{"line":10,"column":7}}},"1":{"name":"(anonymous_5)","decl":{"start":{"line":15,"column":2},"end":{"line":15,"column":7}},"loc":{"start":{"line":15,"column":42},"end":{"line":38,"column":3}}},"2":{"name":"(anonymous_6)","decl":{"start":{"line":27,"column":43},"end":{"line":27,"column":44}},"loc":{"start":{"line":27,"column":49},"end":{"line":31,"column":8}}},"3":{"name":"(anonymous_7)","decl":{"start":{"line":32,"column":27},"end":{"line":32,"column":28}},"loc":{"start":{"line":32,"column":33},"end":{"line":36,"column":8}}},"4":{"name":"(anonymous_8)","decl":{"start":{"line":43,"column":2},"end":{"line":43,"column":7}},"loc":{"start":{"line":43,"column":69},"end":{"line":66,"column":3}}},"5":{"name":"(anonymous_9)","decl":{"start":{"line":52,"column":21},"end":{"line":52,"column":27}},"loc":{"start":{"line":52,"column":30},"end":{"line":56,"column":5}}},"6":{"name":"(anonymous_10)","decl":{"start":{"line":60,"column":14},"end":{"line":60,"column":15}},"loc":{"start":{"line":60,"column":33},"end":{"line":60,"column":57}}},"7":{"name":"(anonymous_11)","decl":{"start":{"line":61,"column":11},"end":{"line":61,"column":12}},"loc":{"start":{"line":61,"column":39},"end":{"line":65,"column":8}}}},"branchMap":{"0":{"loc":{"start":{"line":43,"column":45},"end":{"line":43,"column":69}},"type":"default-arg","locations":[{"start":{"line":43,"column":68},"end":{"line":43,"column":69}}]},"1":{"loc":{"start":{"line":53,"column":6},"end":{"line":55,"column":7}},"type":"if","locations":[{"start":{"line":53,"column":6},"end":{"line":55,"column":7}}]}},"s":{"0":2,"1":2,"2":4,"3":1,"4":1,"5":1,"6":1,"7":0,"8":0,"9":4,"10":4,"11":4,"12":4,"13":4,"14":4,"15":3,"16":4,"17":3,"18":1,"19":2,"20":2},"f":{"0":4,"1":1,"2":0,"3":0,"4":4,"5":4,"6":3,"7":1},"b":{"0":[1],"1":[3]}}
,"D:\\Project HealthQuest\\clinical-service\\src\\dashboard\\notifications.service.ts": {"path":"D:\\Project HealthQuest\\clinical-service\\src\\dashboard\\notifications.service.ts","statementMap":{"0":{"start":{"line":2,"column":0},"end":{"line":2,"column":44}},"1":{"start":{"line":3,"column":0},"end":{"line":3,"column":48}},"2":{"start":{"line":4,"column":0},"end":{"line":4,"column":82}},"3":{"start":{"line":7,"column":7},"end":{"line":46,"column":null}},"4":{"start":{"line":8,"column":31},"end":{"line":8,"column":43}},"5":{"start":{"line":12,"column":18},"end":{"line":12,"column":38}},"6":{"start":{"line":13,"column":20},"end":{"line":13,"column":88}},"7":{"start":{"line":16,"column":4},"end":{"line":22,"column":7}},"8":{"start":{"line":24,"column":4},"end":{"line":24,"column":62}},"9":{"start":{"line":29,"column":18},"end":{"line":29,"column":37}},"10":{"start":{"line":30,"column":20},"end":{"line":30,"column":99}},"11":{"start":{"line":32,"column":4},"end":{"line":38,"column":7}},"12":{"start":{"line":40,"column":4},"end":{"line":40,"column":39}},"13":{"start":{"line":41,"column":4},"end":{"line":41,"column":23}},"14":{"start":{"line":42,"column":4},"end":{"line":42,"column":51}},"15":{"start":{"line":43,"column":4},"end":{"line":43,"column":33}},"16":{"start":{"line":44,"column":4},"end":{"line":44,"column":39}},"17":{"start":{"line":7,"column":13},"end":{"line":7,"column":33}},"18":{"start":{"line":11,"column":8},"end":{"line":25,"column":null}},"19":{"start":{"line":28,"column":8},"end":{"line":45,"column":null}},"20":{"start":{"line":7,"column":13},"end":{"line":46,"column":null}}},"fnMap":{"0":{"name":"(anonymous_2)","decl":{"start":{"line":8,"column":2},"end":{"line":8,"column":31}},"loc":{"start":{"line":8,"column":66},"end":{"line":8,"column":70}}},"1":{"name":"(anonymous_3)","decl":{"start":{"line":11,"column":2},"end":{"line":11,"column":7}},"loc":{"start":{"line":11,"column":38},"end":{"line":25,"column":3}}},"2":{"name":"(anonymous_4)","decl":{"start":{"line":28,"column":2},"end":{"line":28,"column":7}},"loc":{"start":{"line":28,"column":39},"end":{"line":45,"column":3}}}},"branchMap":{},"s":{"0":1,"1":1,"2":1,"3":1,"4":2,"5":1,"6":1,"7":1,"8":1,"9":1,"10":1,"11":1,"12":1,"13":1,"14":1,"15":1,"16":1,"17":1,"18":1,"19":1,"20":1},"f":{"0":2,"1":1,"2":1},"b":{}}
,"D:\\Project HealthQuest\\clinical-service\\src\\dashboard\\repositories\\dashboard.repository.ts": {"path":"D:\\Project HealthQuest\\clinical-service\\src\\dashboard\\repositories\\dashboard.repository.ts","statementMap":{"0":{"start":{"line":2,"column":0},"end":{"line":2,"column":44}},"1":{"start":{"line":3,"column":0},"end":{"line":3,"column":60}},"2":{"start":{"line":7,"column":7},"end":{"line":56,"column":null}},"3":{"start":{"line":8,"column":31},"end":{"line":8,"column":39}},"4":{"start":{"line":11,"column":4},"end":{"line":16,"column":7}},"5":{"start":{"line":20,"column":4},"end":{"line":30,"column":7}},"6":{"start":{"line":34,"column":4},"end":{"line":41,"column":7}},"7":{"start":{"line":45,"column":4},"end":{"line":54,"column":7}},"8":{"start":{"line":7,"column":13},"end":{"line":7,"column":32}},"9":{"start":{"line":7,"column":13},"end":{"line":56,"column":null}}},"fnMap":{"0":{"name":"(anonymous_2)","decl":{"start":{"line":8,"column":2},"end":{"line":8,"column":31}},"loc":{"start":{"line":8,"column":52},"end":{"line":8,"column":56}}},"1":{"name":"(anonymous_3)","decl":{"start":{"line":10,"column":2},"end":{"line":10,"column":7}},"loc":{"start":{"line":10,"column":56},"end":{"line":17,"column":3}}},"2":{"name":"(anonymous_4)","decl":{"start":{"line":19,"column":2},"end":{"line":19,"column":7}},"loc":{"start":{"line":19,"column":62},"end":{"line":31,"column":3}}},"3":{"name":"(anonymous_5)","decl":{"start":{"line":33,"column":2},"end":{"line":33,"column":7}},"loc":{"start":{"line":33,"column":54},"end":{"line":42,"column":3}}},"4":{"name":"(anonymous_6)","decl":{"start":{"line":44,"column":2},"end":{"line":44,"column":7}},"loc":{"start":{"line":44,"column":50},"end":{"line":55,"column":3}}}},"branchMap":{},"s":{"0":1,"1":1,"2":1,"3":4,"4":1,"5":1,"6":1,"7":1,"8":1,"9":1},"f":{"0":4,"1":1,"2":1,"3":1,"4":1},"b":{}}
,"D:\\Project HealthQuest\\clinical-service\\src\\dashboard\\repositories\\notifications.repository.ts": {"path":"D:\\Project HealthQuest\\clinical-service\\src\\dashboard\\repositories\\notifications.repository.ts","statementMap":{"0":{"start":{"line":1,"column":0},"end":{"line":1,"column":44}},"1":{"start":{"line":2,"column":0},"end":{"line":2,"column":60}},"2":{"start":{"line":6,"column":7},"end":{"line":19,"column":null}},"3":{"start":{"line":7,"column":31},"end":{"line":7,"column":39}},"4":{"start":{"line":17,"column":4},"end":{"line":17,"column":46}},"5":{"start":{"line":6,"column":13},"end":{"line":6,"column":36}},"6":{"start":{"line":6,"column":13},"end":{"line":19,"column":null}}},"fnMap":{"0":{"name":"(anonymous_2)","decl":{"start":{"line":7,"column":2},"end":{"line":7,"column":31}},"loc":{"start":{"line":7,"column":52},"end":{"line":7,"column":56}}},"1":{"name":"(anonymous_3)","decl":{"start":{"line":9,"column":2},"end":{"line":9,"column":7}},"loc":{"start":{"line":15,"column":3},"end":{"line":18,"column":3}}}},"branchMap":{},"s":{"0":1,"1":1,"2":1,"3":0,"4":0,"5":1,"6":1},"f":{"0":0,"1":0},"b":{}}
,"D:\\Project HealthQuest\\clinical-service\\src\\game\\game.controller.ts": {"path":"D:\\Project HealthQuest\\clinical-service\\src\\game\\game.controller.ts","statementMap":{"0":{"start":{"line":1,"column":0},"end":{"line":1,"column":60}},"1":{"start":{"line":2,"column":0},"end":{"line":2,"column":45}},"2":{"start":{"line":3,"column":0},"end":{"line":3,"column":62}},"3":{"start":{"line":4,"column":0},"end":{"line":4,"column":79}},"4":{"start":{"line":8,"column":7},"end":{"line":15,"column":null}},"5":{"start":{"line":9,"column":31},"end":{"line":9,"column":44}},"6":{"start":{"line":13,"column":4},"end":{"line":13,"column":49}},"7":{"start":{"line":8,"column":13},"end":{"line":8,"column":27}},"8":{"start":{"line":12,"column":8},"end":{"line":14,"column":null}},"9":{"start":{"line":8,"column":13},"end":{"line":15,"column":null}}},"fnMap":{"0":{"name":"(anonymous_4)","decl":{"start":{"line":9,"column":2},"end":{"line":9,"column":31}},"loc":{"start":{"line":9,"column":55},"end":{"line":9,"column":59}}},"1":{"name":"(anonymous_5)","decl":{"start":{"line":12,"column":2},"end":{"line":12,"column":7}},"loc":{"start":{"line":12,"column":45},"end":{"line":14,"column":3}}}},"branchMap":{},"s":{"0":1,"1":1,"2":1,"3":1,"4":1,"5":1,"6":1,"7":1,"8":1,"9":1},"f":{"0":1,"1":1},"b":{}}
,"D:\\Project HealthQuest\\clinical-service\\src\\game\\game.service.ts": {"path":"D:\\Project HealthQuest\\clinical-service\\src\\game\\game.service.ts","statementMap":{"0":{"start":{"line":1,"column":0},"end":{"line":1,"column":52}},"1":{"start":{"line":4,"column":0},"end":{"line":4,"column":60}},"2":{"start":{"line":7,"column":7},"end":{"line":38,"column":null}},"3":{"start":{"line":10,"column":21},"end":{"line":10,"column":48}},"4":{"start":{"line":11,"column":21},"end":{"line":11,"column":37}},"5":{"start":{"line":16,"column":26},"end":{"line":16,"column":66}},"6":{"start":{"line":19,"column":42},"end":{"line":22,"column":6}},"7":{"start":{"line":24,"column":25},"end":{"line":24,"column":58}},"8":{"start":{"line":26,"column":4},"end":{"line":36,"column":6}},"9":{"start":{"line":7,"column":13},"end":{"line":7,"column":24}},"10":{"start":{"line":7,"column":13},"end":{"line":38,"column":null}}},"fnMap":{"0":{"name":"(anonymous_5)","decl":{"start":{"line":14,"column":2},"end":{"line":14,"column":7}},"loc":{"start":{"line":14,"column":40},"end":{"line":37,"column":3}}}},"branchMap":{"0":{"loc":{"start":{"line":24,"column":25},"end":{"line":24,"column":58}},"type":"binary-expr","locations":[{"start":{"line":24,"column":25},"end":{"line":24,"column":53}},{"start":{"line":24,"column":57},"end":{"line":24,"column":58}}]},"1":{"loc":{"start":{"line":28,"column":17},"end":{"line":28,"column":47}},"type":"binary-expr","locations":[{"start":{"line":28,"column":17},"end":{"line":28,"column":42}},{"start":{"line":28,"column":46},"end":{"line":28,"column":47}}]},"2":{"loc":{"start":{"line":30,"column":24},"end":{"line":30,"column":54}},"type":"binary-expr","locations":[{"start":{"line":30,"column":24},"end":{"line":30,"column":49}},{"start":{"line":30,"column":53},"end":{"line":30,"column":54}}]},"3":{"loc":{"start":{"line":31,"column":12},"end":{"line":35,"column":14}},"type":"cond-expr","locations":[{"start":{"line":31,"column":26},"end":{"line":35,"column":8}},{"start":{"line":35,"column":10},"end":{"line":35,"column":14}}]}},"s":{"0":2,"1":2,"2":2,"3":2,"4":2,"5":2,"6":2,"7":2,"8":2,"9":2,"10":2},"f":{"0":2},"b":{"0":[2,1],"1":[2,1],"2":[2,1],"3":[1,1]}}
,"D:\\Project HealthQuest\\clinical-service\\src\\game\\repositories\\game.repository.ts": {"path":"D:\\Project HealthQuest\\clinical-service\\src\\game\\repositories\\game.repository.ts","statementMap":{"0":{"start":{"line":2,"column":0},"end":{"line":2,"column":44}},"1":{"start":{"line":3,"column":0},"end":{"line":3,"column":60}},"2":{"start":{"line":7,"column":7},"end":{"line":21,"column":null}},"3":{"start":{"line":8,"column":31},"end":{"line":8,"column":39}},"4":{"start":{"line":11,"column":4},"end":{"line":13,"column":7}},"5":{"start":{"line":17,"column":4},"end":{"line":19,"column":7}},"6":{"start":{"line":7,"column":13},"end":{"line":7,"column":27}},"7":{"start":{"line":7,"column":13},"end":{"line":21,"column":null}}},"fnMap":{"0":{"name":"(anonymous_2)","decl":{"start":{"line":8,"column":2},"end":{"line":8,"column":31}},"loc":{"start":{"line":8,"column":52},"end":{"line":8,"column":56}}},"1":{"name":"(anonymous_3)","decl":{"start":{"line":10,"column":2},"end":{"line":10,"column":7}},"loc":{"start":{"line":10,"column":44},"end":{"line":14,"column":3}}},"2":{"name":"(anonymous_4)","decl":{"start":{"line":16,"column":2},"end":{"line":16,"column":7}},"loc":{"start":{"line":16,"column":39},"end":{"line":20,"column":3}}}},"branchMap":{},"s":{"0":1,"1":1,"2":1,"3":2,"4":1,"5":1,"6":1,"7":1},"f":{"0":2,"1":1,"2":1},"b":{}}
,"D:\\Project HealthQuest\\clinical-service\\src\\prisma\\prisma-rls.extension.ts": {"path":"D:\\Project HealthQuest\\clinical-service\\src\\prisma\\prisma-rls.extension.ts","statementMap":{"0":{"start":{"line":4,"column":31},"end":{"line":17,"column":1}},"1":{"start":{"line":5,"column":2},"end":{"line":16,"column":5}},"2":{"start":{"line":10,"column":10},"end":{"line":10,"column":91}},"3":{"start":{"line":11,"column":10},"end":{"line":11,"column":95}},"4":{"start":{"line":12,"column":10},"end":{"line":12,"column":29}},"5":{"start":{"line":4,"column":13},"end":{"line":4,"column":31}}},"fnMap":{"0":{"name":"(anonymous_0)","decl":{"start":{"line":4,"column":31},"end":{"line":4,"column":32}},"loc":{"start":{"line":4,"column":90},"end":{"line":17,"column":1}}},"1":{"name":"(anonymous_1)","decl":{"start":{"line":8,"column":8},"end":{"line":8,"column":13}},"loc":{"start":{"line":8,"column":44},"end":{"line":13,"column":9}}}},"branchMap":{},"s":{"0":1,"1":1,"2":1,"3":1,"4":1,"5":1},"f":{"0":1,"1":1},"b":{}}
,"D:\\Project HealthQuest\\clinical-service\\src\\records\\records.controller.ts": {"path":"D:\\Project HealthQuest\\clinical-service\\src\\records\\records.controller.ts","statementMap":{"0":{"start":{"line":2,"column":0},"end":{"line":2,"column":72}},"1":{"start":{"line":3,"column":0},"end":{"line":3,"column":51}},"2":{"start":{"line":4,"column":0},"end":{"line":4,"column":58}},"3":{"start":{"line":5,"column":0},"end":{"line":5,"column":62}},"4":{"start":{"line":6,"column":0},"end":{"line":6,"column":79}},"5":{"start":{"line":7,"column":0},"end":{"line":7,"column":60}},"6":{"start":{"line":8,"column":0},"end":{"line":8,"column":51}},"7":{"start":{"line":12,"column":7},"end":{"line":38,"column":null}},"8":{"start":{"line":13,"column":31},"end":{"line":13,"column":47}},"9":{"start":{"line":20,"column":4},"end":{"line":20,"column":67}},"10":{"start":{"line":28,"column":6},"end":{"line":28,"column":52}},"11":{"start":{"line":34,"column":4},"end":{"line":34,"column":46}},"12":{"start":{"line":12,"column":13},"end":{"line":12,"column":30}},"13":{"start":{"line":16,"column":2},"end":{"line":21,"column":null}},"14":{"start":{"line":27,"column":2},"end":{"line":29,"column":null}},"15":{"start":{"line":33,"column":2},"end":{"line":35,"column":null}},"16":{"start":{"line":12,"column":13},"end":{"line":38,"column":null}}},"fnMap":{"0":{"name":"(anonymous_4)","decl":{"start":{"line":13,"column":2},"end":{"line":13,"column":31}},"loc":{"start":{"line":13,"column":61},"end":{"line":13,"column":65}}},"1":{"name":"(anonymous_6)","decl":{"start":{"line":27,"column":2},"end":{"line":27,"column":14}},"loc":{"start":{"line":27,"column":43},"end":{"line":29,"column":3}}},"2":{"name":"(anonymous_7)","decl":{"start":{"line":33,"column":2},"end":{"line":33,"column":10}},"loc":{"start":{"line":33,"column":39},"end":{"line":35,"column":3}}}},"branchMap":{},"s":{"0":1,"1":1,"2":1,"3":1,"4":1,"5":1,"6":1,"7":1,"8":2,"9":1,"10":1,"11":0,"12":1,"13":1,"14":1,"15":1,"16":1},"f":{"0":2,"1":1,"2":0},"b":{}}
,"D:\\Project HealthQuest\\clinical-service\\src\\records\\records.service.ts": {"path":"D:\\Project HealthQuest\\clinical-service\\src\\records\\records.service.ts","statementMap":{"0":{"start":{"line":2,"column":0},"end":{"line":2,"column":85}},"1":{"start":{"line":5,"column":0},"end":{"line":5,"column":75}},"2":{"start":{"line":7,"column":0},"end":{"line":7,"column":57}},"3":{"start":{"line":10,"column":7},"end":{"line":213,"column":null}},"4":{"start":{"line":13,"column":21},"end":{"line":13,"column":51}},"5":{"start":{"line":14,"column":21},"end":{"line":14,"column":29}},"6":{"start":{"line":16,"column":21},"end":{"line":16,"column":42}},"7":{"start":{"line":24,"column":22},"end":{"line":24,"column":83}},"8":{"start":{"line":27,"column":24},"end":{"line":27,"column":91}},"9":{"start":{"line":30,"column":4},"end":{"line":36,"column":7}},"10":{"start":{"line":39,"column":18},"end":{"line":39,"column":43}},"11":{"start":{"line":40,"column":4},"end":{"line":40,"column":106}},"12":{"start":{"line":42,"column":4},"end":{"line":48,"column":6}},"13":{"start":{"line":56,"column":20},"end":{"line":56,"column":61}},"14":{"start":{"line":57,"column":4},"end":{"line":57,"column":37}},"15":{"start":{"line":57,"column":28},"end":{"line":57,"column":37}},"16":{"start":{"line":59,"column":20},"end":{"line":59,"column":30}},"17":{"start":{"line":60,"column":21},"end":{"line":60,"column":31}},"18":{"start":{"line":65,"column":23},"end":{"line":65,"column":71}},"19":{"start":{"line":66,"column":25},"end":{"line":66,"column":63}},"20":{"start":{"line":69,"column":23},"end":{"line":69,"column":95}},"21":{"start":{"line":70,"column":25},"end":{"line":70,"column":64}},"22":{"start":{"line":73,"column":20},"end":{"line":73,"column":78}},"23":{"start":{"line":74,"column":22},"end":{"line":74,"column":54}},"24":{"start":{"line":76,"column":24},"end":{"line":76,"column":75}},"25":{"start":{"line":78,"column":4},"end":{"line":98,"column":5}},"26":{"start":{"line":80,"column":19},"end":{"line":82,"column":8}},"27":{"start":{"line":84,"column":6},"end":{"line":97,"column":7}},"28":{"start":{"line":85,"column":22},"end":{"line":85,"column":58}},"29":{"start":{"line":87,"column":8},"end":{"line":96,"column":9}},"30":{"start":{"line":89,"column":10},"end":{"line":89,"column":58}},"31":{"start":{"line":92,"column":10},"end":{"line":95,"column":13}},"32":{"start":{"line":100,"column":4},"end":{"line":100,"column":23}},"33":{"start":{"line":107,"column":20},"end":{"line":107,"column":86}},"34":{"start":{"line":108,"column":22},"end":{"line":108,"column":23}},"35":{"start":{"line":109,"column":26},"end":{"line":109,"column":27}},"36":{"start":{"line":111,"column":4},"end":{"line":117,"column":5}},"37":{"start":{"line":111,"column":17},"end":{"line":111,"column":18}},"38":{"start":{"line":112,"column":25},"end":{"line":112,"column":82}},"39":{"start":{"line":113,"column":6},"end":{"line":116,"column":7}},"40":{"start":{"line":114,"column":8},"end":{"line":114,"column":38}},"41":{"start":{"line":115,"column":8},"end":{"line":115,"column":41}},"42":{"start":{"line":119,"column":22},"end":{"line":119,"column":68}},"43":{"start":{"line":120,"column":4},"end":{"line":127,"column":6}},"44":{"start":{"line":131,"column":20},"end":{"line":131,"column":86}},"45":{"start":{"line":132,"column":4},"end":{"line":137,"column":8}},"46":{"start":{"line":132,"column":29},"end":{"line":137,"column":6}},"47":{"start":{"line":141,"column":4},"end":{"line":141,"column":52}},"48":{"start":{"line":141,"column":24},"end":{"line":141,"column":52}},"49":{"start":{"line":142,"column":4},"end":{"line":142,"column":50}},"50":{"start":{"line":142,"column":24},"end":{"line":142,"column":50}},"51":{"start":{"line":143,"column":4},"end":{"line":143,"column":21}},"52":{"start":{"line":147,"column":4},"end":{"line":147,"column":56}},"53":{"start":{"line":151,"column":25},"end":{"line":151,"column":57}},"54":{"start":{"line":152,"column":34},"end":{"line":152,"column":69}},"55":{"start":{"line":153,"column":31},"end":{"line":153,"column":62}},"56":{"start":{"line":154,"column":28},"end":{"line":154,"column":63}},"57":{"start":{"line":155,"column":27},"end":{"line":155,"column":69}},"58":{"start":{"line":157,"column":4},"end":{"line":161,"column":6}},"59":{"start":{"line":165,"column":4},"end":{"line":197,"column":7}},"60":{"start":{"line":167,"column":22},"end":{"line":167,"column":79}},"61":{"start":{"line":168,"column":6},"end":{"line":168,"column":27}},"62":{"start":{"line":168,"column":20},"end":{"line":168,"column":27}},"63":{"start":{"line":171,"column":6},"end":{"line":174,"column":9}},"64":{"start":{"line":177,"column":6},"end":{"line":180,"column":9}},"65":{"start":{"line":183,"column":23},"end":{"line":183,"column":54}},"66":{"start":{"line":184,"column":24},"end":{"line":184,"column":64}},"67":{"start":{"line":186,"column":6},"end":{"line":194,"column":9}},"68":{"start":{"line":196,"column":6},"end":{"line":196,"column":98}},"69":{"start":{"line":201,"column":20},"end":{"line":201,"column":99}},"70":{"start":{"line":202,"column":21},"end":{"line":202,"column":159}},"71":{"start":{"line":203,"column":22},"end":{"line":203,"column":119}},"72":{"start":{"line":205,"column":14},"end":{"line":205,"column":65}},"73":{"start":{"line":206,"column":14},"end":{"line":206,"column":67}},"74":{"start":{"line":207,"column":14},"end":{"line":207,"column":69}},"75":{"start":{"line":209,"column":4},"end":{"line":209,"column":28}},"76":{"start":{"line":10,"column":13},"end":{"line":10,"column":27}},"77":{"start":{"line":10,"column":13},"end":{"line":213,"column":null}},"78":{"start":{"line":15,"column":29},"end":{"line":15,"column":48}}},"fnMap":{"0":{"name":"(anonymous_4)","decl":{"start":{"line":11,"column":2},"end":{"line":11,"column":null}},"loc":{"start":{"line":16,"column":61},"end":{"line":17,"column":7}}},"1":{"name":"(anonymous_5)","decl":{"start":{"line":22,"column":2},"end":{"line":22,"column":7}},"loc":{"start":{"line":22,"column":60},"end":{"line":49,"column":3}}},"2":{"name":"(anonymous_6)","decl":{"start":{"line":54,"column":10},"end":{"line":54,"column":15}},"loc":{"start":{"line":54,"column":94},"end":{"line":101,"column":3}}},"3":{"name":"(anonymous_7)","decl":{"start":{"line":106,"column":2},"end":{"line":106,"column":7}},"loc":{"start":{"line":106,"column":34},"end":{"line":128,"column":3}}},"4":{"name":"(anonymous_8)","decl":{"start":{"line":130,"column":2},"end":{"line":130,"column":7}},"loc":{"start":{"line":130,"column":38},"end":{"line":138,"column":3}}},"5":{"name":"(anonymous_9)","decl":{"start":{"line":132,"column":23},"end":{"line":132,"column":24}},"loc":{"start":{"line":132,"column":29},"end":{"line":137,"column":6}}},"6":{"name":"(anonymous_10)","decl":{"start":{"line":140,"column":10},"end":{"line":140,"column":23}},"loc":{"start":{"line":140,"column":38},"end":{"line":144,"column":3}}},"7":{"name":"(anonymous_11)","decl":{"start":{"line":146,"column":10},"end":{"line":146,"column":24}},"loc":{"start":{"line":146,"column":44},"end":{"line":148,"column":3}}},"8":{"name":"(anonymous_12)","decl":{"start":{"line":150,"column":10},"end":{"line":150,"column":38}},"loc":{"start":{"line":150,"column":58},"end":{"line":162,"column":3}}},"9":{"name":"(anonymous_13)","decl":{"start":{"line":164,"column":9},"end":{"line":164,"column":14}},"loc":{"start":{"line":164,"column":65},"end":{"line":198,"column":3}}},"10":{"name":"(anonymous_14)","decl":{"start":{"line":165,"column":42},"end":{"line":165,"column":47}},"loc":{"start":{"line":165,"column":55},"end":{"line":197,"column":5}}},"11":{"name":"(anonymous_15)","decl":{"start":{"line":200,"column":10},"end":{"line":200,"column":34}},"loc":{"start":{"line":200,"column":34},"end":{"line":210,"column":3}}},"12":{"name":"(anonymous_16)","decl":{"start":{"line":15,"column":23},"end":{"line":15,"column":26}},"loc":{"start":{"line":15,"column":29},"end":{"line":15,"column":48}}}},"branchMap":{"0":{"loc":{"start":{"line":45,"column":15},"end":{"line":47,"column":60}},"type":"cond-expr","locations":[{"start":{"line":46,"column":10},"end":{"line":46,"column":91}},{"start":{"line":47,"column":10},"end":{"line":47,"column":60}}]},"1":{"loc":{"start":{"line":57,"column":4},"end":{"line":57,"column":37}},"type":"if","locations":[{"start":{"line":57,"column":4},"end":{"line":57,"column":37}}]},"2":{"loc":{"start":{"line":66,"column":25},"end":{"line":66,"column":63}},"type":"cond-expr","locations":[{"start":{"line":66,"column":42},"end":{"line":66,"column":59}},{"start":{"line":66,"column":62},"end":{"line":66,"column":63}}]},"3":{"loc":{"start":{"line":70,"column":25},"end":{"line":70,"column":64}},"type":"cond-expr","locations":[{"start":{"line":70,"column":42},"end":{"line":70,"column":60}},{"start":{"line":70,"column":63},"end":{"line":70,"column":64}}]},"4":{"loc":{"start":{"line":74,"column":22},"end":{"line":74,"column":54}},"type":"cond-expr","locations":[{"start":{"line":74,"column":36},"end":{"line":74,"column":50}},{"start":{"line":74,"column":53},"end":{"line":74,"column":54}}]},"5":{"loc":{"start":{"line":78,"column":4},"end":{"line":98,"column":5}},"type":"if","locations":[{"start":{"line":78,"column":4},"end":{"line":98,"column":5}}]},"6":{"loc":{"start":{"line":84,"column":6},"end":{"line":97,"column":7}},"type":"if","locations":[{"start":{"line":84,"column":6},"end":{"line":97,"column":7}}]},"7":{"loc":{"start":{"line":87,"column":8},"end":{"line":96,"column":9}},"type":"if","locations":[{"start":{"line":87,"column":8},"end":{"line":96,"column":9}},{"start":{"line":90,"column":15},"end":{"line":96,"column":9}}]},"8":{"loc":{"start":{"line":113,"column":6},"end":{"line":116,"column":7}},"type":"if","locations":[{"start":{"line":113,"column":6},"end":{"line":116,"column":7}}]},"9":{"loc":{"start":{"line":135,"column":26},"end":{"line":135,"column":84}},"type":"cond-expr","locations":[{"start":{"line":135,"column":49},"end":{"line":135,"column":77}},{"start":{"line":135,"column":80},"end":{"line":135,"column":84}}]},"10":{"loc":{"start":{"line":136,"column":19},"end":{"line":136,"column":63}},"type":"cond-expr","locations":[{"start":{"line":136,"column":35},"end":{"line":136,"column":56}},{"start":{"line":136,"column":59},"end":{"line":136,"column":63}}]},"11":{"loc":{"start":{"line":141,"column":4},"end":{"line":141,"column":52}},"type":"if","locations":[{"start":{"line":141,"column":4},"end":{"line":141,"column":52}}]},"12":{"loc":{"start":{"line":142,"column":4},"end":{"line":142,"column":50}},"type":"if","locations":[{"start":{"line":142,"column":4},"end":{"line":142,"column":50}}]},"13":{"loc":{"start":{"line":168,"column":6},"end":{"line":168,"column":27}},"type":"if","locations":[{"start":{"line":168,"column":6},"end":{"line":168,"column":27}}]}},"s":{"0":9,"1":9,"2":9,"3":9,"4":6,"5":6,"6":6,"7":2,"8":2,"9":2,"10":2,"11":2,"12":2,"13":2,"14":2,"15":0,"16":2,"17":2,"18":2,"19":2,"20":2,"21":2,"22":2,"23":2,"24":2,"25":2,"26":1,"27":1,"28":1,"29":1,"30":1,"31":0,"32":2,"33":5,"34":5,"35":5,"36":5,"37":5,"38":7,"39":7,"40":5,"41":5,"42":5,"43":5,"44":0,"45":0,"46":0,"47":5,"48":2,"49":3,"50":1,"51":2,"52":5,"53":5,"54":5,"55":5,"56":5,"57":5,"58":5,"59":2,"60":2,"61":2,"62":0,"63":2,"64":2,"65":2,"66":2,"67":2,"68":2,"69":2,"70":2,"71":2,"72":2,"73":2,"74":2,"75":2,"76":9,"77":9,"78":6},"f":{"0":6,"1":2,"2":2,"3":5,"4":0,"5":0,"6":5,"7":5,"8":5,"9":2,"10":2,"11":2,"12":6},"b":{"0":[1,1],"1":[0],"2":[1,1],"3":[0,2],"4":[0,2],"5":[1],"6":[1],"7":[1,0],"8":[5],"9":[0,0],"10":[0,0],"11":[2],"12":[1],"13":[0]}}
,"D:\\Project HealthQuest\\clinical-service\\src\\records\\repositories\\records.repository.ts": {"path":"D:\\Project HealthQuest\\clinical-service\\src\\records\\repositories\\records.repository.ts","statementMap":{"0":{"start":{"line":2,"column":0},"end":{"line":2,"column":44}},"1":{"start":{"line":3,"column":0},"end":{"line":3,"column":60}},"2":{"start":{"line":9,"column":7},"end":{"line":68,"column":null}},"3":{"start":{"line":10,"column":31},"end":{"line":10,"column":39}},"4":{"start":{"line":13,"column":4},"end":{"line":21,"column":7}},"5":{"start":{"line":25,"column":4},"end":{"line":28,"column":7}},"6":{"start":{"line":32,"column":4},"end":{"line":36,"column":7}},"7":{"start":{"line":41,"column":23},"end":{"line":45,"column":6}},"8":{"start":{"line":48,"column":22},"end":{"line":48,"column":47}},"9":{"start":{"line":51,"column":26},"end":{"line":55,"column":35}},"10":{"start":{"line":52,"column":6},"end":{"line":52,"column":67}},"11":{"start":{"line":52,"column":37},"end":{"line":52,"column":67}},"12":{"start":{"line":53,"column":6},"end":{"line":53,"column":44}},"13":{"start":{"line":54,"column":6},"end":{"line":54,"column":20}},"14":{"start":{"line":57,"column":4},"end":{"line":64,"column":7}},"15":{"start":{"line":58,"column":22},"end":{"line":58,"column":23}},"16":{"start":{"line":59,"column":6},"end":{"line":62,"column":7}},"17":{"start":{"line":59,"column":19},"end":{"line":59,"column":20}},"18":{"start":{"line":60,"column":21},"end":{"line":60,"column":78}},"19":{"start":{"line":61,"column":8},"end":{"line":61,"column":40}},"20":{"start":{"line":61,"column":22},"end":{"line":61,"column":40}},"21":{"start":{"line":63,"column":6},"end":{"line":63,"column":61}},"22":{"start":{"line":66,"column":4},"end":{"line":66,"column":21}},"23":{"start":{"line":9,"column":13},"end":{"line":9,"column":30}},"24":{"start":{"line":9,"column":13},"end":{"line":68,"column":null}}},"fnMap":{"0":{"name":"(anonymous_2)","decl":{"start":{"line":10,"column":2},"end":{"line":10,"column":31}},"loc":{"start":{"line":10,"column":52},"end":{"line":10,"column":57}}},"1":{"name":"(anonymous_3)","decl":{"start":{"line":12,"column":2},"end":{"line":12,"column":7}},"loc":{"start":{"line":12,"column":70},"end":{"line":22,"column":3}}},"2":{"name":"(anonymous_4)","decl":{"start":{"line":24,"column":2},"end":{"line":24,"column":7}},"loc":{"start":{"line":24,"column":60},"end":{"line":29,"column":3}}},"3":{"name":"(anonymous_5)","decl":{"start":{"line":31,"column":2},"end":{"line":31,"column":7}},"loc":{"start":{"line":31,"column":37},"end":{"line":37,"column":3}}},"4":{"name":"(anonymous_6)","decl":{"start":{"line":39,"column":2},"end":{"line":39,"column":7}},"loc":{"start":{"line":39,"column":50},"end":{"line":67,"column":3}}},"5":{"name":"(anonymous_7)","decl":{"start":{"line":51,"column":44},"end":{"line":51,"column":45}},"loc":{"start":{"line":51,"column":63},"end":{"line":55,"column":5}}},"6":{"name":"(anonymous_8)","decl":{"start":{"line":57,"column":42},"end":{"line":57,"column":43}},"loc":{"start":{"line":57,"column":67},"end":{"line":64,"column":5}}}},"branchMap":{"0":{"loc":{"start":{"line":52,"column":6},"end":{"line":52,"column":67}},"type":"if","locations":[{"start":{"line":52,"column":6},"end":{"line":52,"column":67}}]},"1":{"loc":{"start":{"line":61,"column":8},"end":{"line":61,"column":40}},"type":"if","locations":[{"start":{"line":61,"column":8},"end":{"line":61,"column":40}}]}},"s":{"0":1,"1":1,"2":1,"3":5,"4":1,"5":1,"6":1,"7":2,"8":2,"9":2,"10":5,"11":2,"12":5,"13":5,"14":2,"15":2,"16":2,"17":2,"18":3,"19":3,"20":2,"21":2,"22":2,"23":1,"24":1},"f":{"0":5,"1":1,"2":1,"3":1,"4":2,"5":5,"6":2},"b":{"0":[2],"1":[2]}}
,"D:\\Project HealthQuest\\clinical-service\\src\\rewards\\rewards.controller.ts": {"path":"D:\\Project HealthQuest\\clinical-service\\src\\rewards\\rewards.controller.ts","statementMap":{"0":{"start":{"line":2,"column":0},"end":{"line":2,"column":73}},"1":{"start":{"line":3,"column":0},"end":{"line":3,"column":51}},"2":{"start":{"line":4,"column":0},"end":{"line":4,"column":62}},"3":{"start":{"line":5,"column":0},"end":{"line":5,"column":79}},"4":{"start":{"line":9,"column":7},"end":{"line":24,"column":null}},"5":{"start":{"line":10,"column":31},"end":{"line":10,"column":47}},"6":{"start":{"line":14,"column":4},"end":{"line":14,"column":57}},"7":{"start":{"line":22,"column":4},"end":{"line":22,"column":59}},"8":{"start":{"line":9,"column":13},"end":{"line":9,"column":30}},"9":{"start":{"line":13,"column":2},"end":{"line":15,"column":null}},"10":{"start":{"line":18,"column":2},"end":{"line":23,"column":null}},"11":{"start":{"line":9,"column":13},"end":{"line":24,"column":null}}},"fnMap":{"0":{"name":"(anonymous_4)","decl":{"start":{"line":10,"column":2},"end":{"line":10,"column":31}},"loc":{"start":{"line":10,"column":61},"end":{"line":10,"column":65}}},"1":{"name":"(anonymous_5)","decl":{"start":{"line":13,"column":2},"end":{"line":13,"column":14}},"loc":{"start":{"line":13,"column":43},"end":{"line":15,"column":3}}},"2":{"name":"(anonymous_6)","decl":{"start":{"line":18,"column":2},"end":{"line":18,"column":7}},"loc":{"start":{"line":20,"column":32},"end":{"line":23,"column":3}}}},"branchMap":{},"s":{"0":1,"1":1,"2":1,"3":1,"4":1,"5":1,"6":1,"7":0,"8":1,"9":1,"10":1,"11":1},"f":{"0":1,"1":1,"2":0},"b":{}}
,"D:\\Project HealthQuest\\clinical-service\\src\\rewards\\rewards.service.ts": {"path":"D:\\Project HealthQuest\\clinical-service\\src\\rewards\\rewards.service.ts","statementMap":{"0":{"start":{"line":2,"column":0},"end":{"line":2,"column":84}},"1":{"start":{"line":5,"column":0},"end":{"line":5,"column":60}},"2":{"start":{"line":6,"column":0},"end":{"line":6,"column":54}},"3":{"start":{"line":7,"column":0},"end":{"line":7,"column":57}},"4":{"start":{"line":8,"column":0},"end":{"line":8,"column":74}},"5":{"start":{"line":11,"column":7},"end":{"line":96,"column":null}},"6":{"start":{"line":14,"column":21},"end":{"line":14,"column":51}},"7":{"start":{"line":15,"column":21},"end":{"line":15,"column":37}},"8":{"start":{"line":16,"column":21},"end":{"line":16,"column":35}},"9":{"start":{"line":17,"column":21},"end":{"line":17,"column":29}},"10":{"start":{"line":19,"column":21},"end":{"line":19,"column":42}},"11":{"start":{"line":24,"column":18},"end":{"line":24,"column":58}},"12":{"start":{"line":27,"column":30},"end":{"line":30,"column":6}},"13":{"start":{"line":32,"column":4},"end":{"line":37,"column":8}},"14":{"start":{"line":32,"column":34},"end":{"line":37,"column":6}},"15":{"start":{"line":35,"column":32},"end":{"line":35,"column":56}},"16":{"start":{"line":44,"column":19},"end":{"line":44,"column":59}},"17":{"start":{"line":45,"column":4},"end":{"line":45,"column":77}},"18":{"start":{"line":45,"column":17},"end":{"line":45,"column":77}},"19":{"start":{"line":48,"column":27},"end":{"line":48,"column":89}},"20":{"start":{"line":49,"column":4},"end":{"line":49,"column":91}},"21":{"start":{"line":49,"column":24},"end":{"line":49,"column":91}},"22":{"start":{"line":51,"column":4},"end":{"line":94,"column":7}},"23":{"start":{"line":53,"column":20},"end":{"line":55,"column":8}},"24":{"start":{"line":57,"column":6},"end":{"line":57,"column":85}},"25":{"start":{"line":57,"column":18},"end":{"line":57,"column":85}},"26":{"start":{"line":60,"column":26},"end":{"line":60,"column":51}},"27":{"start":{"line":61,"column":26},"end":{"line":61,"column":56}},"28":{"start":{"line":63,"column":6},"end":{"line":65,"column":7}},"29":{"start":{"line":64,"column":8},"end":{"line":64,"column":83}},"30":{"start":{"line":67,"column":6},"end":{"line":69,"column":7}},"31":{"start":{"line":68,"column":8},"end":{"line":68,"column":93}},"32":{"start":{"line":72,"column":6},"end":{"line":75,"column":9}},"33":{"start":{"line":77,"column":6},"end":{"line":81,"column":9}},"34":{"start":{"line":84,"column":6},"end":{"line":88,"column":9}},"35":{"start":{"line":90,"column":6},"end":{"line":93,"column":8}},"36":{"start":{"line":11,"column":13},"end":{"line":11,"column":27}},"37":{"start":{"line":11,"column":13},"end":{"line":96,"column":null}},"38":{"start":{"line":18,"column":29},"end":{"line":18,"column":48}}},"fnMap":{"0":{"name":"(anonymous_4)","decl":{"start":{"line":12,"column":2},"end":{"line":12,"column":null}},"loc":{"start":{"line":19,"column":61},"end":{"line":21,"column":7}}},"1":{"name":"(anonymous_5)","decl":{"start":{"line":23,"column":2},"end":{"line":23,"column":7}},"loc":{"start":{"line":23,"column":45},"end":{"line":38,"column":3}}},"2":{"name":"(anonymous_6)","decl":{"start":{"line":32,"column":23},"end":{"line":32,"column":29}},"loc":{"start":{"line":32,"column":34},"end":{"line":37,"column":6}}},"3":{"name":"(anonymous_7)","decl":{"start":{"line":35,"column":27},"end":{"line":35,"column":28}},"loc":{"start":{"line":35,"column":32},"end":{"line":35,"column":56}}},"4":{"name":"(anonymous_8)","decl":{"start":{"line":42,"column":2},"end":{"line":42,"column":7}},"loc":{"start":{"line":42,"column":55},"end":{"line":95,"column":3}}},"5":{"name":"(anonymous_9)","decl":{"start":{"line":51,"column":42},"end":{"line":51,"column":47}},"loc":{"start":{"line":51,"column":55},"end":{"line":94,"column":5}}},"6":{"name":"(anonymous_10)","decl":{"start":{"line":18,"column":23},"end":{"line":18,"column":26}},"loc":{"start":{"line":18,"column":29},"end":{"line":18,"column":48}}}},"branchMap":{"0":{"loc":{"start":{"line":45,"column":4},"end":{"line":45,"column":77}},"type":"if","locations":[{"start":{"line":45,"column":4},"end":{"line":45,"column":77}}]},"1":{"loc":{"start":{"line":49,"column":4},"end":{"line":49,"column":91}},"type":"if","locations":[{"start":{"line":49,"column":4},"end":{"line":49,"column":91}}]},"2":{"loc":{"start":{"line":57,"column":6},"end":{"line":57,"column":85}},"type":"if","locations":[{"start":{"line":57,"column":6},"end":{"line":57,"column":85}}]},"3":{"loc":{"start":{"line":63,"column":6},"end":{"line":65,"column":7}},"type":"if","locations":[{"start":{"line":63,"column":6},"end":{"line":65,"column":7}}]},"4":{"loc":{"start":{"line":67,"column":6},"end":{"line":69,"column":7}},"type":"if","locations":[{"start":{"line":67,"column":6},"end":{"line":69,"column":7}}]}},"s":{"0":2,"1":2,"2":2,"3":2,"4":2,"5":2,"6":6,"7":6,"8":6,"9":6,"10":6,"11":1,"12":1,"13":1,"14":2,"15":2,"16":5,"17":5,"18":1,"19":4,"20":4,"21":1,"22":3,"23":3,"24":3,"25":0,"26":3,"27":3,"28":3,"29":1,"30":2,"31":1,"32":1,"33":1,"34":1,"35":1,"36":2,"37":2,"38":6},"f":{"0":6,"1":1,"2":2,"3":2,"4":5,"5":3,"6":6},"b":{"0":[1],"1":[1],"2":[0],"3":[1],"4":[1]}}
,"D:\\Project HealthQuest\\clinical-service\\src\\rewards\\repositories\\rewards.repository.ts": {"path":"D:\\Project HealthQuest\\clinical-service\\src\\rewards\\repositories\\rewards.repository.ts","statementMap":{"0":{"start":{"line":2,"column":0},"end":{"line":2,"column":44}},"1":{"start":{"line":3,"column":0},"end":{"line":3,"column":60}},"2":{"start":{"line":8,"column":7},"end":{"line":38,"column":null}},"3":{"start":{"line":9,"column":31},"end":{"line":9,"column":39}},"4":{"start":{"line":12,"column":4},"end":{"line":14,"column":7}},"5":{"start":{"line":18,"column":4},"end":{"line":20,"column":7}},"6":{"start":{"line":24,"column":4},"end":{"line":26,"column":7}},"7":{"start":{"line":30,"column":4},"end":{"line":32,"column":7}},"8":{"start":{"line":36,"column":4},"end":{"line":36,"column":52}},"9":{"start":{"line":8,"column":13},"end":{"line":8,"column":30}},"10":{"start":{"line":8,"column":13},"end":{"line":38,"column":null}}},"fnMap":{"0":{"name":"(anonymous_2)","decl":{"start":{"line":9,"column":2},"end":{"line":9,"column":31}},"loc":{"start":{"line":9,"column":52},"end":{"line":9,"column":56}}},"1":{"name":"(anonymous_3)","decl":{"start":{"line":11,"column":2},"end":{"line":11,"column":7}},"loc":{"start":{"line":11,"column":46},"end":{"line":15,"column":3}}},"2":{"name":"(anonymous_4)","decl":{"start":{"line":17,"column":2},"end":{"line":17,"column":7}},"loc":{"start":{"line":17,"column":45},"end":{"line":21,"column":3}}},"3":{"name":"(anonymous_5)","decl":{"start":{"line":23,"column":2},"end":{"line":23,"column":7}},"loc":{"start":{"line":23,"column":33},"end":{"line":27,"column":3}}},"4":{"name":"(anonymous_6)","decl":{"start":{"line":29,"column":2},"end":{"line":29,"column":7}},"loc":{"start":{"line":29,"column":61},"end":{"line":33,"column":3}}},"5":{"name":"(anonymous_7)","decl":{"start":{"line":35,"column":2},"end":{"line":35,"column":7}},"loc":{"start":{"line":35,"column":83},"end":{"line":37,"column":3}}}},"branchMap":{},"s":{"0":1,"1":1,"2":1,"3":6,"4":1,"5":2,"6":1,"7":1,"8":1,"9":1,"10":1},"f":{"0":6,"1":1,"2":2,"3":1,"4":1,"5":1},"b":{}}
,"D:\\Project HealthQuest\\clinical-service\\src\\social\\social.controller.ts": {"path":"D:\\Project HealthQuest\\clinical-service\\src\\social\\social.controller.ts","statementMap":{"0":{"start":{"line":2,"column":0},"end":{"line":2,"column":60}},"1":{"start":{"line":3,"column":0},"end":{"line":3,"column":49}},"2":{"start":{"line":4,"column":0},"end":{"line":4,"column":62}},"3":{"start":{"line":5,"column":0},"end":{"line":5,"column":79}},"4":{"start":{"line":9,"column":7},"end":{"line":17,"column":null}},"5":{"start":{"line":10,"column":31},"end":{"line":10,"column":46}},"6":{"start":{"line":15,"column":4},"end":{"line":15,"column":53}},"7":{"start":{"line":9,"column":13},"end":{"line":9,"column":29}},"8":{"start":{"line":13,"column":8},"end":{"line":16,"column":null}},"9":{"start":{"line":9,"column":13},"end":{"line":17,"column":null}}},"fnMap":{"0":{"name":"(anonymous_4)","decl":{"start":{"line":10,"column":2},"end":{"line":10,"column":31}},"loc":{"start":{"line":10,"column":59},"end":{"line":10,"column":63}}},"1":{"name":"(anonymous_5)","decl":{"start":{"line":13,"column":2},"end":{"line":13,"column":7}},"loc":{"start":{"line":13,"column":44},"end":{"line":16,"column":3}}}},"branchMap":{},"s":{"0":1,"1":1,"2":1,"3":1,"4":1,"5":1,"6":1,"7":1,"8":1,"9":1},"f":{"0":1,"1":1},"b":{}}
,"D:\\Project HealthQuest\\clinical-service\\src\\social\\social.listener.ts": {"path":"D:\\Project HealthQuest\\clinical-service\\src\\social\\social.listener.ts","statementMap":{"0":{"start":{"line":2,"column":0},"end":{"line":2,"column":44}},"1":{"start":{"line":3,"column":0},"end":{"line":3,"column":48}},"2":{"start":{"line":4,"column":0},"end":{"line":4,"column":49}},"3":{"start":{"line":7,"column":7},"end":{"line":29,"column":null}},"4":{"start":{"line":8,"column":31},"end":{"line":8,"column":46}},"5":{"start":{"line":12,"column":4},"end":{"line":17,"column":6}},"6":{"start":{"line":22,"column":4},"end":{"line":27,"column":6}},"7":{"start":{"line":7,"column":13},"end":{"line":7,"column":27}},"8":{"start":{"line":11,"column":8},"end":{"line":18,"column":null}},"9":{"start":{"line":21,"column":8},"end":{"line":28,"column":null}},"10":{"start":{"line":7,"column":13},"end":{"line":29,"column":null}}},"fnMap":{"0":{"name":"(anonymous_2)","decl":{"start":{"line":8,"column":2},"end":{"line":8,"column":31}},"loc":{"start":{"line":8,"column":59},"end":{"line":8,"column":63}}},"1":{"name":"(anonymous_3)","decl":{"start":{"line":11,"column":2},"end":{"line":11,"column":7}},"loc":{"start":{"line":11,"column":39},"end":{"line":18,"column":3}}},"2":{"name":"(anonymous_4)","decl":{"start":{"line":21,"column":2},"end":{"line":21,"column":7}},"loc":{"start":{"line":21,"column":38},"end":{"line":28,"column":3}}}},"branchMap":{},"s":{"0":1,"1":1,"2":1,"3":1,"4":2,"5":1,"6":1,"7":1,"8":1,"9":1,"10":1},"f":{"0":2,"1":1,"2":1},"b":{}}
,"D:\\Project HealthQuest\\clinical-service\\src\\social\\social.service.ts": {"path":"D:\\Project HealthQuest\\clinical-service\\src\\social\\social.service.ts","statementMap":{"0":{"start":{"line":2,"column":0},"end":{"line":2,"column":52}},"1":{"start":{"line":6,"column":7},"end":{"line":22,"column":null}},"2":{"start":{"line":9,"column":21},"end":{"line":9,"column":50}},"3":{"start":{"line":15,"column":4},"end":{"line":15,"column":58}},"4":{"start":{"line":20,"column":4},"end":{"line":20,"column":78}},"5":{"start":{"line":6,"column":13},"end":{"line":6,"column":26}},"6":{"start":{"line":6,"column":13},"end":{"line":22,"column":null}}},"fnMap":{"0":{"name":"(anonymous_4)","decl":{"start":{"line":7,"column":2},"end":{"line":7,"column":null}},"loc":{"start":{"line":9,"column":50},"end":{"line":10,"column":6}}},"1":{"name":"(anonymous_5)","decl":{"start":{"line":13,"column":2},"end":{"line":13,"column":7}},"loc":{"start":{"line":13,"column":32},"end":{"line":16,"column":3}}},"2":{"name":"(anonymous_6)","decl":{"start":{"line":19,"column":2},"end":{"line":19,"column":7}},"loc":{"start":{"line":19,"column":85},"end":{"line":21,"column":3}}}},"branchMap":{},"s":{"0":3,"1":3,"2":2,"3":1,"4":1,"5":3,"6":3},"f":{"0":2,"1":1,"2":1},"b":{}}
,"D:\\Project HealthQuest\\clinical-service\\src\\social\\repositories\\social.repository.ts": {"path":"D:\\Project HealthQuest\\clinical-service\\src\\social\\repositories\\social.repository.ts","statementMap":{"0":{"start":{"line":2,"column":0},"end":{"line":2,"column":44}},"1":{"start":{"line":3,"column":0},"end":{"line":3,"column":60}},"2":{"start":{"line":8,"column":7},"end":{"line":27,"column":null}},"3":{"start":{"line":9,"column":31},"end":{"line":9,"column":39}},"4":{"start":{"line":12,"column":4},"end":{"line":19,"column":7}},"5":{"start":{"line":23,"column":4},"end":{"line":25,"column":7}},"6":{"start":{"line":8,"column":13},"end":{"line":8,"column":29}},"7":{"start":{"line":8,"column":13},"end":{"line":27,"column":null}}},"fnMap":{"0":{"name":"(anonymous_2)","decl":{"start":{"line":9,"column":2},"end":{"line":9,"column":31}},"loc":{"start":{"line":9,"column":52},"end":{"line":9,"column":56}}},"1":{"name":"(anonymous_3)","decl":{"start":{"line":11,"column":2},"end":{"line":11,"column":7}},"loc":{"start":{"line":11,"column":61},"end":{"line":20,"column":3}}},"2":{"name":"(anonymous_4)","decl":{"start":{"line":22,"column":2},"end":{"line":22,"column":7}},"loc":{"start":{"line":22,"column":95},"end":{"line":26,"column":3}}}},"branchMap":{"0":{"loc":{"start":{"line":11,"column":43},"end":{"line":11,"column":61}},"type":"default-arg","locations":[{"start":{"line":11,"column":59},"end":{"line":11,"column":61}}]}},"s":{"0":1,"1":1,"2":1,"3":3,"4":2,"5":1,"6":1,"7":1},"f":{"0":3,"1":2,"2":1},"b":{"0":[1]}}
,"D:\\Project HealthQuest\\clinical-service\\src\\tasks\\tasks.controller.ts": {"path":"D:\\Project HealthQuest\\clinical-service\\src\\tasks\\tasks.controller.ts","statementMap":{"0":{"start":{"line":2,"column":0},"end":{"line":2,"column":73}},"1":{"start":{"line":3,"column":0},"end":{"line":3,"column":47}},"2":{"start":{"line":4,"column":0},"end":{"line":4,"column":62}},"3":{"start":{"line":5,"column":0},"end":{"line":5,"column":79}},"4":{"start":{"line":9,"column":7},"end":{"line":46,"column":null}},"5":{"start":{"line":10,"column":31},"end":{"line":10,"column":45}},"6":{"start":{"line":14,"column":4},"end":{"line":14,"column":49}},"7":{"start":{"line":22,"column":4},"end":{"line":22,"column":56}},"8":{"start":{"line":27,"column":4},"end":{"line":27,"column":46}},"9":{"start":{"line":36,"column":4},"end":{"line":36,"column":66}},"10":{"start":{"line":42,"column":4},"end":{"line":42,"column":49}},"11":{"start":{"line":9,"column":13},"end":{"line":9,"column":28}},"12":{"start":{"line":13,"column":2},"end":{"line":15,"column":null}},"13":{"start":{"line":18,"column":2},"end":{"line":23,"column":null}},"14":{"start":{"line":26,"column":2},"end":{"line":28,"column":null}},"15":{"start":{"line":34,"column":8},"end":{"line":37,"column":null}},"16":{"start":{"line":41,"column":2},"end":{"line":43,"column":null}},"17":{"start":{"line":9,"column":13},"end":{"line":46,"column":null}}},"fnMap":{"0":{"name":"(anonymous_4)","decl":{"start":{"line":10,"column":2},"end":{"line":10,"column":31}},"loc":{"start":{"line":10,"column":57},"end":{"line":10,"column":62}}},"1":{"name":"(anonymous_5)","decl":{"start":{"line":13,"column":2},"end":{"line":13,"column":15}},"loc":{"start":{"line":13,"column":44},"end":{"line":15,"column":3}}},"2":{"name":"(anonymous_6)","decl":{"start":{"line":18,"column":2},"end":{"line":18,"column":14}},"loc":{"start":{"line":20,"column":32},"end":{"line":23,"column":3}}},"3":{"name":"(anonymous_7)","decl":{"start":{"line":26,"column":2},"end":{"line":26,"column":12}},"loc":{"start":{"line":26,"column":41},"end":{"line":28,"column":3}}},"4":{"name":"(anonymous_8)","decl":{"start":{"line":34,"column":2},"end":{"line":34,"column":7}},"loc":{"start":{"line":34,"column":55},"end":{"line":37,"column":3}}},"5":{"name":"(anonymous_9)","decl":{"start":{"line":41,"column":2},"end":{"line":41,"column":15}},"loc":{"start":{"line":41,"column":44},"end":{"line":43,"column":3}}}},"branchMap":{},"s":{"0":1,"1":1,"2":1,"3":1,"4":1,"5":4,"6":1,"7":1,"8":1,"9":0,"10":1,"11":1,"12":1,"13":1,"14":1,"15":1,"16":1,"17":1},"f":{"0":4,"1":1,"2":1,"3":1,"4":0,"5":1},"b":{}}
,"D:\\Project HealthQuest\\clinical-service\\src\\tasks\\tasks.service.ts": {"path":"D:\\Project HealthQuest\\clinical-service\\src\\tasks\\tasks.service.ts","statementMap":{"0":{"start":{"line":2,"column":0},"end":{"line":2,"column":73}},"1":{"start":{"line":5,"column":0},"end":{"line":5,"column":57}},"2":{"start":{"line":7,"column":0},"end":{"line":7,"column":54}},"3":{"start":{"line":8,"column":0},"end":{"line":8,"column":75}},"4":{"start":{"line":9,"column":0},"end":{"line":9,"column":60}},"5":{"start":{"line":12,"column":7},"end":{"line":180,"column":null}},"6":{"start":{"line":14,"column":49},"end":{"line":14,"column":77}},"7":{"start":{"line":15,"column":51},"end":{"line":15,"column":88}},"8":{"start":{"line":16,"column":21},"end":{"line":16,"column":29}},"9":{"start":{"line":17,"column":21},"end":{"line":17,"column":35}},"10":{"start":{"line":18,"column":21},"end":{"line":18,"column":42}},"11":{"start":{"line":19,"column":21},"end":{"line":19,"column":37}},"12":{"start":{"line":23,"column":18},"end":{"line":23,"column":28}},"13":{"start":{"line":24,"column":4},"end":{"line":24,"column":31}},"14":{"start":{"line":26,"column":33},"end":{"line":29,"column":6}},"15":{"start":{"line":31,"column":4},"end":{"line":34,"column":8}},"16":{"start":{"line":31,"column":30},"end":{"line":34,"column":6}},"17":{"start":{"line":33,"column":39},"end":{"line":33,"column":59}},"18":{"start":{"line":38,"column":23},"end":{"line":38,"column":33}},"19":{"start":{"line":39,"column":4},"end":{"line":39,"column":36}},"20":{"start":{"line":40,"column":21},"end":{"line":40,"column":31}},"21":{"start":{"line":41,"column":4},"end":{"line":41,"column":39}},"22":{"start":{"line":43,"column":4},"end":{"line":112,"column":7}},"23":{"start":{"line":45,"column":31},"end":{"line":46,"column":null}},"24":{"start":{"line":49,"column":6},"end":{"line":51,"column":7}},"25":{"start":{"line":50,"column":8},"end":{"line":50,"column":77}},"26":{"start":{"line":53,"column":19},"end":{"line":53,"column":57}},"27":{"start":{"line":54,"column":6},"end":{"line":54,"column":73}},"28":{"start":{"line":54,"column":17},"end":{"line":54,"column":73}},"29":{"start":{"line":57,"column":6},"end":{"line":59,"column":9}},"30":{"start":{"line":62,"column":20},"end":{"line":71,"column":8}},"31":{"start":{"line":73,"column":20},"end":{"line":73,"column":51}},"32":{"start":{"line":74,"column":33},"end":{"line":74,"column":58}},"33":{"start":{"line":75,"column":22},"end":{"line":75,"column":40}},"34":{"start":{"line":76,"column":25},"end":{"line":76,"column":30}},"35":{"start":{"line":78,"column":6},"end":{"line":81,"column":7}},"36":{"start":{"line":79,"column":8},"end":{"line":79,"column":23}},"37":{"start":{"line":80,"column":8},"end":{"line":80,"column":28}},"38":{"start":{"line":83,"column":6},"end":{"line":93,"column":9}},"39":{"start":{"line":96,"column":27},"end":{"line":96,"column":95}},"40":{"start":{"line":98,"column":6},"end":{"line":100,"column":7}},"41":{"start":{"line":99,"column":8},"end":{"line":99,"column":101}},"42":{"start":{"line":102,"column":6},"end":{"line":102,"column":99}},"43":{"start":{"line":104,"column":6},"end":{"line":111,"column":8}},"44":{"start":{"line":117,"column":42},"end":{"line":120,"column":6}},"45":{"start":{"line":122,"column":4},"end":{"line":138,"column":53}},"46":{"start":{"line":124,"column":28},"end":{"line":125,"column":null}},"47":{"start":{"line":125,"column":21},"end":{"line":125,"column":51}},"48":{"start":{"line":127,"column":29},"end":{"line":127,"column":67}},"49":{"start":{"line":128,"column":26},"end":{"line":128,"column":56}},"50":{"start":{"line":130,"column":6},"end":{"line":137,"column":8}},"51":{"start":{"line":138,"column":22},"end":{"line":138,"column":51}},"52":{"start":{"line":142,"column":23},"end":{"line":144,"column":6}},"53":{"start":{"line":146,"column":4},"end":{"line":146,"column":30}},"54":{"start":{"line":146,"column":21},"end":{"line":146,"column":30}},"55":{"start":{"line":148,"column":18},"end":{"line":148,"column":55}},"56":{"start":{"line":150,"column":4},"end":{"line":159,"column":5}},"57":{"start":{"line":152,"column":6},"end":{"line":152,"column":75}},"58":{"start":{"line":155,"column":6},"end":{"line":158,"column":9}},"59":{"start":{"line":161,"column":4},"end":{"line":161,"column":18}},"60":{"start":{"line":165,"column":20},"end":{"line":165,"column":78}},"61":{"start":{"line":166,"column":4},"end":{"line":172,"column":8}},"62":{"start":{"line":166,"column":41},"end":{"line":172,"column":6}},"63":{"start":{"line":176,"column":18},"end":{"line":176,"column":28}},"64":{"start":{"line":177,"column":4},"end":{"line":177,"column":31}},"65":{"start":{"line":178,"column":4},"end":{"line":178,"column":84}},"66":{"start":{"line":12,"column":13},"end":{"line":12,"column":25}},"67":{"start":{"line":12,"column":13},"end":{"line":180,"column":null}}},"fnMap":{"0":{"name":"(anonymous_4)","decl":{"start":{"line":13,"column":2},"end":{"line":13,"column":null}},"loc":{"start":{"line":19,"column":51},"end":{"line":20,"column":7}}},"1":{"name":"(anonymous_5)","decl":{"start":{"line":22,"column":2},"end":{"line":22,"column":7}},"loc":{"start":{"line":22,"column":39},"end":{"line":35,"column":3}}},"2":{"name":"(anonymous_6)","decl":{"start":{"line":31,"column":21},"end":{"line":31,"column":25}},"loc":{"start":{"line":31,"column":30},"end":{"line":34,"column":6}}},"3":{"name":"(anonymous_7)","decl":{"start":{"line":33,"column":34},"end":{"line":33,"column":35}},"loc":{"start":{"line":33,"column":39},"end":{"line":33,"column":59}}},"4":{"name":"(anonymous_8)","decl":{"start":{"line":37,"column":2},"end":{"line":37,"column":7}},"loc":{"start":{"line":37,"column":54},"end":{"line":113,"column":3}}},"5":{"name":"(anonymous_9)","decl":{"start":{"line":43,"column":42},"end":{"line":43,"column":47}},"loc":{"start":{"line":43,"column":55},"end":{"line":112,"column":5}}},"6":{"name":"(anonymous_10)","decl":{"start":{"line":115,"column":2},"end":{"line":115,"column":7}},"loc":{"start":{"line":115,"column":46},"end":{"line":139,"column":3}}},"7":{"name":"(anonymous_11)","decl":{"start":{"line":122,"column":24},"end":{"line":122,"column":31}},"loc":{"start":{"line":122,"column":34},"end":{"line":138,"column":5}}},"8":{"name":"(anonymous_12)","decl":{"start":{"line":125,"column":8},"end":{"line":125,"column":9}},"loc":{"start":{"line":125,"column":21},"end":{"line":125,"column":51}}},"9":{"name":"(anonymous_13)","decl":{"start":{"line":138,"column":12},"end":{"line":138,"column":13}},"loc":{"start":{"line":138,"column":22},"end":{"line":138,"column":51}}},"10":{"name":"(anonymous_14)","decl":{"start":{"line":141,"column":10},"end":{"line":141,"column":15}},"loc":{"start":{"line":141,"column":81},"end":{"line":162,"column":3}}},"11":{"name":"(anonymous_15)","decl":{"start":{"line":164,"column":2},"end":{"line":164,"column":7}},"loc":{"start":{"line":164,"column":36},"end":{"line":173,"column":3}}},"12":{"name":"(anonymous_16)","decl":{"start":{"line":166,"column":23},"end":{"line":166,"column":24}},"loc":{"start":{"line":166,"column":41},"end":{"line":172,"column":6}}},"13":{"name":"(anonymous_17)","decl":{"start":{"line":175,"column":2},"end":{"line":175,"column":7}},"loc":{"start":{"line":175,"column":39},"end":{"line":179,"column":3}}}},"branchMap":{"0":{"loc":{"start":{"line":49,"column":6},"end":{"line":51,"column":7}},"type":"if","locations":[{"start":{"line":49,"column":6},"end":{"line":51,"column":7}}]},"1":{"loc":{"start":{"line":54,"column":6},"end":{"line":54,"column":73}},"type":"if","locations":[{"start":{"line":54,"column":6},"end":{"line":54,"column":73}}]},"2":{"loc":{"start":{"line":78,"column":6},"end":{"line":81,"column":7}},"type":"if","locations":[{"start":{"line":78,"column":6},"end":{"line":81,"column":7}}]},"3":{"loc":{"start":{"line":98,"column":6},"end":{"line":100,"column":7}},"type":"if","locations":[{"start":{"line":98,"column":6},"end":{"line":100,"column":7}}]},"4":{"loc":{"start":{"line":125,"column":28},"end":{"line":125,"column":50}},"type":"binary-expr","locations":[{"start":{"line":125,"column":28},"end":{"line":125,"column":45}},{"start":{"line":125,"column":49},"end":{"line":125,"column":50}}]},"5":{"loc":{"start":{"line":127,"column":29},"end":{"line":127,"column":67}},"type":"binary-expr","locations":[{"start":{"line":127,"column":29},"end":{"line":127,"column":62}},{"start":{"line":127,"column":66},"end":{"line":127,"column":67}}]},"6":{"loc":{"start":{"line":146,"column":4},"end":{"line":146,"column":30}},"type":"if","locations":[{"start":{"line":146,"column":4},"end":{"line":146,"column":30}}]},"7":{"loc":{"start":{"line":150,"column":4},"end":{"line":159,"column":5}},"type":"if","locations":[{"start":{"line":150,"column":4},"end":{"line":159,"column":5}},{"start":{"line":153,"column":11},"end":{"line":159,"column":5}}]},"8":{"loc":{"start":{"line":168,"column":12},"end":{"line":168,"column":49}},"type":"binary-expr","locations":[{"start":{"line":168,"column":12},"end":{"line":168,"column":30}},{"start":{"line":168,"column":34},"end":{"line":168,"column":49}}]}},"s":{"0":2,"1":2,"2":2,"3":2,"4":2,"5":2,"6":9,"7":9,"8":9,"9":9,"10":9,"11":9,"12":1,"13":1,"14":1,"15":1,"16":2,"17":2,"18":4,"19":4,"20":4,"21":4,"22":4,"23":4,"24":4,"25":1,"26":3,"27":3,"28":0,"29":3,"30":3,"31":3,"32":3,"33":3,"34":3,"35":3,"36":1,"37":1,"38":3,"39":3,"40":3,"41":1,"42":3,"43":3,"44":1,"45":1,"46":1,"47":1,"48":1,"49":1,"50":1,"51":0,"52":4,"53":4,"54":1,"55":3,"56":3,"57":2,"58":1,"59":3,"60":1,"61":1,"62":2,"63":1,"64":1,"65":1,"66":2,"67":2},"f":{"0":9,"1":1,"2":2,"3":2,"4":4,"5":4,"6":1,"7":1,"8":1,"9":0,"10":4,"11":1,"12":2,"13":1},"b":{"0":[1],"1":[0],"2":[1],"3":[1],"4":[1,0],"5":[1,0],"6":[1],"7":[2,1],"8":[2,1]}}
,"D:\\Project HealthQuest\\clinical-service\\src\\tasks\\repositories\\tasks.repository.ts": {"path":"D:\\Project HealthQuest\\clinical-service\\src\\tasks\\repositories\\tasks.repository.ts","statementMap":{"0":{"start":{"line":2,"column":0},"end":{"line":2,"column":44}},"1":{"start":{"line":3,"column":0},"end":{"line":3,"column":60}},"2":{"start":{"line":8,"column":7},"end":{"line":80,"column":null}},"3":{"start":{"line":9,"column":31},"end":{"line":9,"column":39}},"4":{"start":{"line":12,"column":4},"end":{"line":14,"column":7}},"5":{"start":{"line":18,"column":4},"end":{"line":23,"column":7}},"6":{"start":{"line":27,"column":4},"end":{"line":33,"column":7}},"7":{"start":{"line":37,"column":4},"end":{"line":37,"column":63}},"8":{"start":{"line":41,"column":4},"end":{"line":49,"column":7}},"9":{"start":{"line":53,"column":4},"end":{"line":66,"column":7}},"10":{"start":{"line":70,"column":4},"end":{"line":78,"column":7}},"11":{"start":{"line":8,"column":13},"end":{"line":8,"column":28}},"12":{"start":{"line":8,"column":13},"end":{"line":80,"column":null}}},"fnMap":{"0":{"name":"(anonymous_2)","decl":{"start":{"line":9,"column":2},"end":{"line":9,"column":31}},"loc":{"start":{"line":9,"column":52},"end":{"line":9,"column":56}}},"1":{"name":"(anonymous_3)","decl":{"start":{"line":11,"column":2},"end":{"line":11,"column":7}},"loc":{"start":{"line":11,"column":42},"end":{"line":15,"column":3}}},"2":{"name":"(anonymous_4)","decl":{"start":{"line":17,"column":2},"end":{"line":17,"column":7}},"loc":{"start":{"line":17,"column":73},"end":{"line":24,"column":3}}},"3":{"name":"(anonymous_5)","decl":{"start":{"line":26,"column":2},"end":{"line":26,"column":7}},"loc":{"start":{"line":26,"column":93},"end":{"line":34,"column":3}}},"4":{"name":"(anonymous_6)","decl":{"start":{"line":36,"column":2},"end":{"line":36,"column":7}},"loc":{"start":{"line":36,"column":27},"end":{"line":38,"column":3}}},"5":{"name":"(anonymous_7)","decl":{"start":{"line":40,"column":2},"end":{"line":40,"column":7}},"loc":{"start":{"line":40,"column":75},"end":{"line":50,"column":3}}},"6":{"name":"(anonymous_8)","decl":{"start":{"line":52,"column":2},"end":{"line":52,"column":7}},"loc":{"start":{"line":52,"column":46},"end":{"line":67,"column":3}}},"7":{"name":"(anonymous_9)","decl":{"start":{"line":69,"column":2},"end":{"line":69,"column":7}},"loc":{"start":{"line":69,"column":49},"end":{"line":79,"column":3}}}},"branchMap":{},"s":{"0":1,"1":1,"2":1,"3":5,"4":1,"5":1,"6":1,"7":0,"8":1,"9":1,"10":0,"11":1,"12":1},"f":{"0":5,"1":1,"2":1,"3":1,"4":0,"5":1,"6":1,"7":0},"b":{}}
}
