TN:
SF:src\achievements\achievements.service.ts
FN:8,(anonymous_4)
FN:14,(anonymous_5)
FN:44,(anonymous_6)
FNF:3
FNH:2
FNDA:3,(anonymous_4)
FNDA:3,(anonymous_5)
FNDA:0,(anonymous_6)
DA:2,10
DA:3,10
DA:7,10
DA:10,3
DA:11,3
DA:15,3
DA:22,3
DA:23,3
DA:26,2
DA:29,2
DA:31,2
DA:33,1
DA:36,1
DA:47,0
DA:53,0
LF:15
LH:13
BRDA:23,0,0,1
BRDA:31,1,0,1
BRF:2
BRH:2
end_of_record
TN:
SF:src\achievements\repositories\achievements.repository.ts
FN:8,(anonymous_2)
FN:10,(anonymous_3)
FN:24,(anonymous_4)
FN:30,(anonymous_5)
FNF:4
FNH:3
FNDA:2,(anonymous_2)
FNDA:1,(anonymous_3)
FNDA:0,(anonymous_4)
FNDA:1,(anonymous_5)
DA:2,1
DA:3,1
DA:7,1
DA:8,2
DA:11,1
DA:25,0
DA:31,1
LF:7
LH:6
BRF:0
BRH:0
end_of_record
TN:
SF:src\auth\guards\supabase.guard.ts
FNF:0
FNH:0
DA:2,6
DA:3,6
DA:6,6
LF:3
LH:3
BRF:0
BRH:0
end_of_record
TN:
SF:src\auth\strategies\supabase.strategy.ts
FN:8,(anonymous_2)
FN:16,(anonymous_3)
FNF:2
FNH:2
FNDA:2,(anonymous_2)
FNDA:2,(anonymous_3)
DA:2,1
DA:3,1
DA:4,1
DA:7,1
DA:9,2
DA:18,2
LF:6
LH:6
BRDA:21,0,0,2
BRDA:21,0,1,1
BRF:2
BRH:2
end_of_record
TN:
SF:src\common\decorators\get-user.decorator.ts
FN:10,(anonymous_0)
FNF:1
FNH:1
FNDA:1,(anonymous_0)
DA:1,7
DA:9,7
DA:11,1
DA:12,1
LF:4
LH:4
BRF:0
BRH:0
end_of_record
TN:
SF:src\common\guards\legacy-auth.guard.ts
FN:5,(anonymous_1)
FNF:1
FNH:1
FNDA:2,(anonymous_1)
DA:1,1
DA:4,1
DA:6,2
DA:7,2
DA:8,2
DA:10,2
DA:11,1
DA:15,1
DA:21,1
LF:9
LH:9
BRDA:10,0,0,1
BRDA:10,1,0,2
BRDA:10,1,1,1
BRDA:18,2,0,1
BRDA:18,2,1,1
BRF:5
BRH:5
end_of_record
TN:
SF:src\dashboard\dashboard.controller.ts
FN:20,(anonymous_5)
FN:26,(anonymous_6)
FN:35,(anonymous_7)
FN:48,(anonymous_8)
FNF:4
FNH:4
FNDA:2,(anonymous_5)
FNDA:1,(anonymous_6)
FNDA:2,(anonymous_7)
FNDA:2,(anonymous_8)
DA:2,1
DA:3,1
DA:4,1
DA:5,1
DA:6,1
DA:7,1
DA:8,1
DA:12,1
DA:14,5
DA:15,5
DA:20,1
DA:21,2
DA:22,1
DA:26,1
DA:27,1
DA:28,0
DA:30,1
DA:35,1
DA:36,2
DA:37,1
DA:40,1
DA:49,2
DA:50,1
LF:23
LH:22
BRDA:27,0,0,0
BRDA:27,1,0,1
BRDA:27,1,1,1
BRDA:36,2,0,1
BRDA:36,3,0,2
BRDA:36,3,1,2
BRDA:49,4,0,1
BRDA:49,5,0,2
BRDA:49,5,1,2
BRF:9
BRH:8
end_of_record
TN:
SF:src\dashboard\dashboard.service.ts
FN:7,(anonymous_4)
FN:15,(anonymous_5)
FN:27,(anonymous_6)
FN:32,(anonymous_7)
FN:43,(anonymous_8)
FN:52,(anonymous_9)
FN:60,(anonymous_10)
FN:61,(anonymous_11)
FNF:8
FNH:6
FNDA:4,(anonymous_4)
FNDA:1,(anonymous_5)
FNDA:0,(anonymous_6)
FNDA:0,(anonymous_7)
FNDA:4,(anonymous_8)
FNDA:4,(anonymous_9)
FNDA:3,(anonymous_10)
FNDA:1,(anonymous_11)
DA:2,2
DA:6,2
DA:9,4
DA:16,1
DA:17,1
DA:19,1
DA:25,1
DA:27,0
DA:32,0
DA:44,4
DA:45,4
DA:47,4
DA:49,4
DA:52,4
DA:53,4
DA:54,3
DA:59,4
DA:60,3
DA:61,1
LF:19
LH:17
BRDA:43,0,0,1
BRDA:53,1,0,3
BRF:2
BRH:2
end_of_record
TN:
SF:src\dashboard\notifications.service.ts
FN:8,(anonymous_2)
FN:11,(anonymous_3)
FN:28,(anonymous_4)
FNF:3
FNH:3
FNDA:2,(anonymous_2)
FNDA:1,(anonymous_3)
FNDA:1,(anonymous_4)
DA:2,1
DA:3,1
DA:4,1
DA:7,1
DA:8,2
DA:11,1
DA:12,1
DA:13,1
DA:16,1
DA:24,1
DA:28,1
DA:29,1
DA:30,1
DA:32,1
DA:40,1
DA:41,1
DA:42,1
DA:43,1
DA:44,1
LF:19
LH:19
BRF:0
BRH:0
end_of_record
TN:
SF:src\dashboard\repositories\dashboard.repository.ts
FN:8,(anonymous_2)
FN:10,(anonymous_3)
FN:19,(anonymous_4)
FN:33,(anonymous_5)
FN:44,(anonymous_6)
FNF:5
FNH:5
FNDA:4,(anonymous_2)
FNDA:1,(anonymous_3)
FNDA:1,(anonymous_4)
FNDA:1,(anonymous_5)
FNDA:1,(anonymous_6)
DA:2,1
DA:3,1
DA:7,1
DA:8,4
DA:11,1
DA:20,1
DA:34,1
DA:45,1
LF:8
LH:8
BRF:0
BRH:0
end_of_record
TN:
SF:src\dashboard\repositories\notifications.repository.ts
FN:7,(anonymous_2)
FN:9,(anonymous_3)
FNF:2
FNH:0
FNDA:0,(anonymous_2)
FNDA:0,(anonymous_3)
DA:1,1
DA:2,1
DA:6,1
DA:7,0
DA:17,0
LF:5
LH:3
BRF:0
BRH:0
end_of_record
TN:
SF:src\game\game.controller.ts
FN:9,(anonymous_4)
FN:12,(anonymous_5)
FNF:2
FNH:2
FNDA:1,(anonymous_4)
FNDA:1,(anonymous_5)
DA:1,1
DA:2,1
DA:3,1
DA:4,1
DA:8,1
DA:9,1
DA:12,1
DA:13,1
LF:8
LH:8
BRF:0
BRH:0
end_of_record
TN:
SF:src\game\game.service.ts
FN:14,(anonymous_5)
FNF:1
FNH:1
FNDA:2,(anonymous_5)
DA:1,2
DA:4,2
DA:7,2
DA:10,2
DA:11,2
DA:16,2
DA:19,2
DA:24,2
DA:26,2
LF:9
LH:9
BRDA:24,0,0,2
BRDA:24,0,1,1
BRDA:28,1,0,2
BRDA:28,1,1,1
BRDA:30,2,0,2
BRDA:30,2,1,1
BRDA:31,3,0,1
BRDA:31,3,1,1
BRF:8
BRH:8
end_of_record
TN:
SF:src\game\repositories\game.repository.ts
FN:8,(anonymous_2)
FN:10,(anonymous_3)
FN:16,(anonymous_4)
FNF:3
FNH:3
FNDA:2,(anonymous_2)
FNDA:1,(anonymous_3)
FNDA:1,(anonymous_4)
DA:2,1
DA:3,1
DA:7,1
DA:8,2
DA:11,1
DA:17,1
LF:6
LH:6
BRF:0
BRH:0
end_of_record
TN:
SF:src\prisma\prisma-rls.extension.ts
FN:4,(anonymous_0)
FN:8,(anonymous_1)
FNF:2
FNH:2
FNDA:1,(anonymous_0)
FNDA:1,(anonymous_1)
DA:4,1
DA:5,1
DA:10,1
DA:11,1
DA:12,1
LF:5
LH:5
BRF:0
BRH:0
end_of_record
TN:
SF:src\records\records.controller.ts
FN:13,(anonymous_4)
FN:27,(anonymous_6)
FN:33,(anonymous_7)
FNF:3
FNH:2
FNDA:2,(anonymous_4)
FNDA:1,(anonymous_6)
FNDA:0,(anonymous_7)
DA:2,1
DA:3,1
DA:4,1
DA:5,1
DA:6,1
DA:7,1
DA:8,1
DA:12,1
DA:13,2
DA:16,1
DA:20,1
DA:27,1
DA:28,1
DA:33,1
DA:34,0
LF:15
LH:14
BRF:0
BRH:0
end_of_record
TN:
SF:src\records\records.service.ts
FN:11,(anonymous_4)
FN:22,(anonymous_5)
FN:54,(anonymous_6)
FN:106,(anonymous_7)
FN:130,(anonymous_8)
FN:132,(anonymous_9)
FN:140,(anonymous_10)
FN:146,(anonymous_11)
FN:150,(anonymous_12)
FN:164,(anonymous_13)
FN:165,(anonymous_14)
FN:200,(anonymous_15)
FN:15,(anonymous_16)
FNF:13
FNH:11
FNDA:6,(anonymous_4)
FNDA:2,(anonymous_5)
FNDA:2,(anonymous_6)
FNDA:5,(anonymous_7)
FNDA:0,(anonymous_8)
FNDA:0,(anonymous_9)
FNDA:5,(anonymous_10)
FNDA:5,(anonymous_11)
FNDA:5,(anonymous_12)
FNDA:2,(anonymous_13)
FNDA:2,(anonymous_14)
FNDA:2,(anonymous_15)
FNDA:6,(anonymous_16)
DA:2,9
DA:5,9
DA:7,9
DA:10,9
DA:13,6
DA:14,6
DA:15,6
DA:16,6
DA:24,2
DA:27,2
DA:30,2
DA:39,2
DA:40,2
DA:42,2
DA:56,2
DA:57,2
DA:59,2
DA:60,2
DA:65,2
DA:66,2
DA:69,2
DA:70,2
DA:73,2
DA:74,2
DA:76,2
DA:78,2
DA:80,1
DA:84,1
DA:85,1
DA:87,1
DA:89,1
DA:92,0
DA:100,2
DA:107,5
DA:108,5
DA:109,5
DA:111,5
DA:112,7
DA:113,7
DA:114,5
DA:115,5
DA:119,5
DA:120,5
DA:131,0
DA:132,0
DA:141,5
DA:142,3
DA:143,2
DA:147,5
DA:151,5
DA:152,5
DA:153,5
DA:154,5
DA:155,5
DA:157,5
DA:165,2
DA:167,2
DA:168,2
DA:171,2
DA:177,2
DA:183,2
DA:184,2
DA:186,2
DA:196,2
DA:201,2
DA:202,2
DA:203,2
DA:205,2
DA:206,2
DA:207,2
DA:209,2
LF:71
LH:68
BRDA:45,0,0,1
BRDA:45,0,1,1
BRDA:57,1,0,0
BRDA:66,2,0,1
BRDA:66,2,1,1
BRDA:70,3,0,0
BRDA:70,3,1,2
BRDA:74,4,0,0
BRDA:74,4,1,2
BRDA:78,5,0,1
BRDA:84,6,0,1
BRDA:87,7,0,1
BRDA:87,7,1,0
BRDA:113,8,0,5
BRDA:135,9,0,0
BRDA:135,9,1,0
BRDA:136,10,0,0
BRDA:136,10,1,0
BRDA:141,11,0,2
BRDA:142,12,0,1
BRDA:168,13,0,0
BRF:21
BRH:12
end_of_record
TN:
SF:src\records\repositories\records.repository.ts
FN:10,(anonymous_2)
FN:12,(anonymous_3)
FN:24,(anonymous_4)
FN:31,(anonymous_5)
FN:39,(anonymous_6)
FN:51,(anonymous_7)
FN:57,(anonymous_8)
FNF:7
FNH:7
FNDA:5,(anonymous_2)
FNDA:1,(anonymous_3)
FNDA:1,(anonymous_4)
FNDA:1,(anonymous_5)
FNDA:2,(anonymous_6)
FNDA:5,(anonymous_7)
FNDA:2,(anonymous_8)
DA:2,1
DA:3,1
DA:9,1
DA:10,5
DA:13,1
DA:25,1
DA:32,1
DA:41,2
DA:48,2
DA:51,2
DA:52,5
DA:53,5
DA:54,5
DA:57,2
DA:58,2
DA:59,2
DA:60,3
DA:61,3
DA:63,2
DA:66,2
LF:20
LH:20
BRDA:52,0,0,2
BRDA:61,1,0,2
BRF:2
BRH:2
end_of_record
TN:
SF:src\rewards\rewards.controller.ts
FN:10,(anonymous_4)
FN:13,(anonymous_5)
FN:18,(anonymous_6)
FNF:3
FNH:2
FNDA:1,(anonymous_4)
FNDA:1,(anonymous_5)
FNDA:0,(anonymous_6)
DA:2,1
DA:3,1
DA:4,1
DA:5,1
DA:9,1
DA:10,1
DA:13,1
DA:14,1
DA:18,1
DA:22,0
LF:10
LH:9
BRF:0
BRH:0
end_of_record
TN:
SF:src\rewards\rewards.service.ts
FN:12,(anonymous_4)
FN:23,(anonymous_5)
FN:32,(anonymous_6)
FN:35,(anonymous_7)
FN:42,(anonymous_8)
FN:51,(anonymous_9)
FN:18,(anonymous_10)
FNF:7
FNH:7
FNDA:6,(anonymous_4)
FNDA:1,(anonymous_5)
FNDA:2,(anonymous_6)
FNDA:2,(anonymous_7)
FNDA:5,(anonymous_8)
FNDA:3,(anonymous_9)
FNDA:6,(anonymous_10)
DA:2,2
DA:5,2
DA:6,2
DA:7,2
DA:8,2
DA:11,2
DA:14,6
DA:15,6
DA:16,6
DA:17,6
DA:18,6
DA:19,6
DA:24,1
DA:27,1
DA:32,2
DA:35,2
DA:44,5
DA:45,5
DA:48,4
DA:49,4
DA:51,3
DA:53,3
DA:57,3
DA:60,3
DA:61,3
DA:63,3
DA:64,1
DA:67,2
DA:68,1
DA:72,1
DA:77,1
DA:84,1
DA:90,1
LF:33
LH:33
BRDA:45,0,0,1
BRDA:49,1,0,1
BRDA:57,2,0,0
BRDA:63,3,0,1
BRDA:67,4,0,1
BRF:5
BRH:4
end_of_record
TN:
SF:src\rewards\repositories\rewards.repository.ts
FN:9,(anonymous_2)
FN:11,(anonymous_3)
FN:17,(anonymous_4)
FN:23,(anonymous_5)
FN:29,(anonymous_6)
FN:35,(anonymous_7)
FNF:6
FNH:6
FNDA:6,(anonymous_2)
FNDA:1,(anonymous_3)
FNDA:2,(anonymous_4)
FNDA:1,(anonymous_5)
FNDA:1,(anonymous_6)
FNDA:1,(anonymous_7)
DA:2,1
DA:3,1
DA:8,1
DA:9,6
DA:12,1
DA:18,2
DA:24,1
DA:30,1
DA:36,1
LF:9
LH:9
BRF:0
BRH:0
end_of_record
TN:
SF:src\social\social.controller.ts
FN:10,(anonymous_4)
FN:13,(anonymous_5)
FNF:2
FNH:2
FNDA:1,(anonymous_4)
FNDA:1,(anonymous_5)
DA:2,1
DA:3,1
DA:4,1
DA:5,1
DA:9,1
DA:10,1
DA:13,1
DA:15,1
LF:8
LH:8
BRF:0
BRH:0
end_of_record
TN:
SF:src\social\social.listener.ts
FN:8,(anonymous_2)
FN:11,(anonymous_3)
FN:21,(anonymous_4)
FNF:3
FNH:3
FNDA:2,(anonymous_2)
FNDA:1,(anonymous_3)
FNDA:1,(anonymous_4)
DA:2,1
DA:3,1
DA:4,1
DA:7,1
DA:8,2
DA:11,1
DA:12,1
DA:21,1
DA:22,1
LF:9
LH:9
BRF:0
BRH:0
end_of_record
TN:
SF:src\social\social.service.ts
FN:7,(anonymous_4)
FN:13,(anonymous_5)
FN:19,(anonymous_6)
FNF:3
FNH:3
FNDA:2,(anonymous_4)
FNDA:1,(anonymous_5)
FNDA:1,(anonymous_6)
DA:2,3
DA:6,3
DA:9,2
DA:15,1
DA:20,1
LF:5
LH:5
BRF:0
BRH:0
end_of_record
TN:
SF:src\social\repositories\social.repository.ts
FN:9,(anonymous_2)
FN:11,(anonymous_3)
FN:22,(anonymous_4)
FNF:3
FNH:3
FNDA:3,(anonymous_2)
FNDA:2,(anonymous_3)
FNDA:1,(anonymous_4)
DA:2,1
DA:3,1
DA:8,1
DA:9,3
DA:12,2
DA:23,1
LF:6
LH:6
BRDA:11,0,0,1
BRF:1
BRH:1
end_of_record
TN:
SF:src\tasks\tasks.controller.ts
FN:10,(anonymous_4)
FN:13,(anonymous_5)
FN:18,(anonymous_6)
FN:26,(anonymous_7)
FN:34,(anonymous_8)
FN:41,(anonymous_9)
FNF:6
FNH:5
FNDA:4,(anonymous_4)
FNDA:1,(anonymous_5)
FNDA:1,(anonymous_6)
FNDA:1,(anonymous_7)
FNDA:0,(anonymous_8)
FNDA:1,(anonymous_9)
DA:2,1
DA:3,1
DA:4,1
DA:5,1
DA:9,1
DA:10,4
DA:13,1
DA:14,1
DA:18,1
DA:22,1
DA:26,1
DA:27,1
DA:34,1
DA:36,0
DA:41,1
DA:42,1
LF:16
LH:15
BRF:0
BRH:0
end_of_record
TN:
SF:src\tasks\tasks.service.ts
FN:13,(anonymous_4)
FN:22,(anonymous_5)
FN:31,(anonymous_6)
FN:33,(anonymous_7)
FN:37,(anonymous_8)
FN:43,(anonymous_9)
FN:115,(anonymous_10)
FN:122,(anonymous_11)
FN:125,(anonymous_12)
FN:138,(anonymous_13)
FN:141,(anonymous_14)
FN:164,(anonymous_15)
FN:166,(anonymous_16)
FN:175,(anonymous_17)
FNF:14
FNH:13
FNDA:9,(anonymous_4)
FNDA:1,(anonymous_5)
FNDA:2,(anonymous_6)
FNDA:2,(anonymous_7)
FNDA:4,(anonymous_8)
FNDA:4,(anonymous_9)
FNDA:1,(anonymous_10)
FNDA:1,(anonymous_11)
FNDA:1,(anonymous_12)
FNDA:0,(anonymous_13)
FNDA:4,(anonymous_14)
FNDA:1,(anonymous_15)
FNDA:2,(anonymous_16)
FNDA:1,(anonymous_17)
DA:2,2
DA:5,2
DA:7,2
DA:8,2
DA:9,2
DA:12,2
DA:14,9
DA:15,9
DA:16,9
DA:17,9
DA:18,9
DA:19,9
DA:23,1
DA:24,1
DA:26,1
DA:31,2
DA:33,2
DA:38,4
DA:39,4
DA:40,4
DA:41,4
DA:43,4
DA:45,4
DA:49,4
DA:50,1
DA:53,3
DA:54,3
DA:57,3
DA:62,3
DA:73,3
DA:74,3
DA:75,3
DA:76,3
DA:78,3
DA:79,1
DA:80,1
DA:83,3
DA:96,3
DA:98,3
DA:99,1
DA:102,3
DA:104,3
DA:117,1
DA:122,1
DA:124,1
DA:125,1
DA:127,1
DA:128,1
DA:130,1
DA:138,0
DA:142,4
DA:146,4
DA:148,3
DA:150,3
DA:152,2
DA:155,1
DA:161,3
DA:165,1
DA:166,2
DA:176,1
DA:177,1
DA:178,1
LF:62
LH:61
BRDA:49,0,0,1
BRDA:54,1,0,0
BRDA:78,2,0,1
BRDA:98,3,0,1
BRDA:125,4,0,1
BRDA:125,4,1,0
BRDA:127,5,0,1
BRDA:127,5,1,0
BRDA:146,6,0,1
BRDA:150,7,0,2
BRDA:150,7,1,1
BRDA:168,8,0,2
BRDA:168,8,1,1
BRF:13
BRH:10
end_of_record
TN:
SF:src\tasks\repositories\tasks.repository.ts
FN:9,(anonymous_2)
FN:11,(anonymous_3)
FN:17,(anonymous_4)
FN:26,(anonymous_5)
FN:36,(anonymous_6)
FN:40,(anonymous_7)
FN:52,(anonymous_8)
FN:69,(anonymous_9)
FNF:8
FNH:6
FNDA:5,(anonymous_2)
FNDA:1,(anonymous_3)
FNDA:1,(anonymous_4)
FNDA:1,(anonymous_5)
FNDA:0,(anonymous_6)
FNDA:1,(anonymous_7)
FNDA:1,(anonymous_8)
FNDA:0,(anonymous_9)
DA:2,1
DA:3,1
DA:8,1
DA:9,5
DA:12,1
DA:18,1
DA:27,1
DA:37,0
DA:41,1
DA:53,1
DA:70,0
LF:11
LH:9
BRF:0
BRH:0
end_of_record
